{"/Users/bo/7-sprint-mission/sprint9-submit/src/main.ts": {"path":"/Users/bo/7-sprint-mission/sprint9-submit/src/main.ts","statementMap":{"0":{"start":{"line":1,"column":0},"end":{"line":1,"column":30}},"1":{"start":{"line":2,"column":0},"end":{"line":2,"column":24}},"2":{"start":{"line":3,"column":0},"end":{"line":3,"column":24}},"3":{"start":{"line":4,"column":0},"end":{"line":4,"column":41}},"4":{"start":{"line":5,"column":0},"end":{"line":5,"column":65}},"5":{"start":{"line":6,"column":0},"end":{"line":6,"column":54}},"6":{"start":{"line":7,"column":0},"end":{"line":7,"column":54}},"7":{"start":{"line":8,"column":0},"end":{"line":8,"column":54}},"8":{"start":{"line":9,"column":0},"end":{"line":9,"column":50}},"9":{"start":{"line":10,"column":0},"end":{"line":10,"column":46}},"10":{"start":{"line":11,"column":0},"end":{"line":11,"column":48}},"11":{"start":{"line":12,"column":0},"end":{"line":12,"column":91}},"12":{"start":{"line":13,"column":0},"end":{"line":13,"column":64}},"13":{"start":{"line":14,"column":12},"end":{"line":14,"column":21}},"14":{"start":{"line":16,"column":0},"end":{"line":16,"column":16}},"15":{"start":{"line":17,"column":0},"end":{"line":17,"column":24}},"16":{"start":{"line":18,"column":0},"end":{"line":18,"column":24}},"17":{"start":{"line":19,"column":0},"end":{"line":19,"column":79}},"18":{"start":{"line":21,"column":0},"end":{"line":21,"column":37}},"19":{"start":{"line":22,"column":0},"end":{"line":22,"column":37}},"20":{"start":{"line":23,"column":0},"end":{"line":23,"column":37}},"21":{"start":{"line":24,"column":0},"end":{"line":24,"column":33}},"22":{"start":{"line":25,"column":0},"end":{"line":25,"column":29}},"23":{"start":{"line":26,"column":0},"end":{"line":26,"column":31}},"24":{"start":{"line":27,"column":0},"end":{"line":27,"column":47}},"25":{"start":{"line":29,"column":0},"end":{"line":29,"column":32}},"26":{"start":{"line":30,"column":0},"end":{"line":30,"column":28}},"27":{"start":{"line":32,"column":0},"end":{"line":32,"column":19}}},"fnMap":{},"branchMap":{},"s":{"0":3,"1":3,"2":3,"3":3,"4":3,"5":3,"6":3,"7":3,"8":3,"9":3,"10":3,"11":3,"12":3,"13":3,"14":3,"15":3,"16":3,"17":3,"18":3,"19":3,"20":3,"21":3,"22":3,"23":3,"24":3,"25":3,"26":3,"27":3},"f":{},"b":{}}
,"/Users/bo/7-sprint-mission/sprint9-submit/src/controllers/articlesController.ts": {"path":"/Users/bo/7-sprint-mission/sprint9-submit/src/controllers/articlesController.ts","statementMap":{"0":{"start":{"line":14,"column":0},"end":{"line":14,"column":7}},"1":{"start":{"line":23,"column":0},"end":{"line":23,"column":7}},"2":{"start":{"line":29,"column":0},"end":{"line":29,"column":7}},"3":{"start":{"line":39,"column":0},"end":{"line":39,"column":7}},"4":{"start":{"line":45,"column":0},"end":{"line":45,"column":7}},"5":{"start":{"line":51,"column":0},"end":{"line":51,"column":7}},"6":{"start":{"line":62,"column":0},"end":{"line":62,"column":7}},"7":{"start":{"line":69,"column":0},"end":{"line":69,"column":7}},"8":{"start":{"line":75,"column":0},"end":{"line":75,"column":7}},"9":{"start":{"line":2,"column":0},"end":{"line":2,"column":37}},"10":{"start":{"line":3,"column":0},"end":{"line":3,"column":58}},"11":{"start":{"line":4,"column":0},"end":{"line":4,"column":null}},"12":{"start":{"line":9,"column":0},"end":{"line":9,"column":96}},"13":{"start":{"line":10,"column":0},"end":{"line":10,"column":63}},"14":{"start":{"line":11,"column":0},"end":{"line":11,"column":63}},"15":{"start":{"line":12,"column":0},"end":{"line":12,"column":57}},"16":{"start":{"line":15,"column":15},"end":{"line":15,"column":56}},"17":{"start":{"line":16,"column":18},"end":{"line":19,"column":4}},"18":{"start":{"line":20,"column":2},"end":{"line":20,"column":32}},"19":{"start":{"line":24,"column":17},"end":{"line":24,"column":51}},"20":{"start":{"line":25,"column":18},"end":{"line":25,"column":54}},"21":{"start":{"line":26,"column":2},"end":{"line":26,"column":20}},"22":{"start":{"line":30,"column":17},"end":{"line":30,"column":51}},"23":{"start":{"line":31,"column":15},"end":{"line":31,"column":56}},"24":{"start":{"line":32,"column":25},"end":{"line":35,"column":4}},"25":{"start":{"line":36,"column":2},"end":{"line":36,"column":27}},"26":{"start":{"line":40,"column":17},"end":{"line":40,"column":51}},"27":{"start":{"line":41,"column":2},"end":{"line":41,"column":55}},"28":{"start":{"line":42,"column":2},"end":{"line":42,"column":25}},"29":{"start":{"line":46,"column":17},"end":{"line":46,"column":62}},"30":{"start":{"line":47,"column":17},"end":{"line":47,"column":61}},"31":{"start":{"line":48,"column":2},"end":{"line":48,"column":19}},"32":{"start":{"line":52,"column":28},"end":{"line":52,"column":62}},"33":{"start":{"line":53,"column":22},"end":{"line":53,"column":63}},"34":{"start":{"line":54,"column":25},"end":{"line":58,"column":4}},"35":{"start":{"line":59,"column":2},"end":{"line":59,"column":39}},"36":{"start":{"line":63,"column":28},"end":{"line":63,"column":62}},"37":{"start":{"line":64,"column":28},"end":{"line":64,"column":73}},"38":{"start":{"line":65,"column":17},"end":{"line":65,"column":94}},"39":{"start":{"line":66,"column":2},"end":{"line":66,"column":19}},"40":{"start":{"line":70,"column":28},"end":{"line":70,"column":62}},"41":{"start":{"line":71,"column":2},"end":{"line":71,"column":56}},"42":{"start":{"line":72,"column":2},"end":{"line":72,"column":25}},"43":{"start":{"line":76,"column":28},"end":{"line":76,"column":62}},"44":{"start":{"line":77,"column":2},"end":{"line":77,"column":56}},"45":{"start":{"line":78,"column":2},"end":{"line":78,"column":25}}},"fnMap":{"0":{"name":"createArticle","decl":{"start":{"line":14,"column":22},"end":{"line":14,"column":35}},"loc":{"start":{"line":14,"column":63},"end":{"line":21,"column":1}}},"1":{"name":"getArticle","decl":{"start":{"line":23,"column":22},"end":{"line":23,"column":32}},"loc":{"start":{"line":23,"column":60},"end":{"line":27,"column":1}}},"2":{"name":"updateArticle","decl":{"start":{"line":29,"column":22},"end":{"line":29,"column":35}},"loc":{"start":{"line":29,"column":63},"end":{"line":37,"column":1}}},"3":{"name":"deleteArticle","decl":{"start":{"line":39,"column":22},"end":{"line":39,"column":35}},"loc":{"start":{"line":39,"column":63},"end":{"line":43,"column":1}}},"4":{"name":"getArticleList","decl":{"start":{"line":45,"column":22},"end":{"line":45,"column":36}},"loc":{"start":{"line":45,"column":64},"end":{"line":49,"column":1}}},"5":{"name":"createComment","decl":{"start":{"line":51,"column":22},"end":{"line":51,"column":35}},"loc":{"start":{"line":51,"column":63},"end":{"line":60,"column":1}}},"6":{"name":"getCommentList","decl":{"start":{"line":62,"column":22},"end":{"line":62,"column":36}},"loc":{"start":{"line":62,"column":64},"end":{"line":67,"column":1}}},"7":{"name":"createLike","decl":{"start":{"line":69,"column":22},"end":{"line":69,"column":32}},"loc":{"start":{"line":69,"column":60},"end":{"line":73,"column":1}}},"8":{"name":"deleteLike","decl":{"start":{"line":75,"column":22},"end":{"line":75,"column":32}},"loc":{"start":{"line":75,"column":60},"end":{"line":79,"column":1}}}},"branchMap":{},"s":{"0":3,"1":3,"2":3,"3":3,"4":3,"5":3,"6":3,"7":3,"8":3,"9":3,"10":3,"11":3,"12":3,"13":3,"14":3,"15":3,"16":1,"17":1,"18":1,"19":2,"20":2,"21":0,"22":1,"23":1,"24":1,"25":1,"26":1,"27":1,"28":1,"29":1,"30":1,"31":1,"32":0,"33":0,"34":0,"35":0,"36":0,"37":0,"38":0,"39":0,"40":0,"41":0,"42":0,"43":0,"44":0,"45":0},"f":{"0":1,"1":2,"2":1,"3":1,"4":1,"5":0,"6":0,"7":0,"8":0},"b":{}}
,"/Users/bo/7-sprint-mission/sprint9-submit/src/controllers/authController.ts": {"path":"/Users/bo/7-sprint-mission/sprint9-submit/src/controllers/authController.ts","statementMap":{"0":{"start":{"line":8,"column":0},"end":{"line":8,"column":7}},"1":{"start":{"line":14,"column":0},"end":{"line":14,"column":7}},"2":{"start":{"line":21,"column":0},"end":{"line":21,"column":7}},"3":{"start":{"line":26,"column":0},"end":{"line":26,"column":7}},"4":{"start":{"line":2,"column":0},"end":{"line":2,"column":37}},"5":{"start":{"line":3,"column":0},"end":{"line":3,"column":97}},"6":{"start":{"line":4,"column":0},"end":{"line":4,"column":77}},"7":{"start":{"line":5,"column":0},"end":{"line":5,"column":55}},"8":{"start":{"line":6,"column":0},"end":{"line":6,"column":53}},"9":{"start":{"line":9,"column":15},"end":{"line":9,"column":51}},"10":{"start":{"line":10,"column":15},"end":{"line":10,"column":47}},"11":{"start":{"line":11,"column":2},"end":{"line":11,"column":46}},"12":{"start":{"line":15,"column":15},"end":{"line":15,"column":48}},"13":{"start":{"line":16,"column":40},"end":{"line":16,"column":69}},"14":{"start":{"line":17,"column":2},"end":{"line":17,"column":50}},"15":{"start":{"line":18,"column":2},"end":{"line":18,"column":25}},"16":{"start":{"line":22,"column":2},"end":{"line":22,"column":25}},"17":{"start":{"line":23,"column":2},"end":{"line":23,"column":25}},"18":{"start":{"line":27,"column":23},"end":{"line":27,"column":61}},"19":{"start":{"line":28,"column":57},"end":{"line":28,"column":101}},"20":{"start":{"line":29,"column":2},"end":{"line":29,"column":53}},"21":{"start":{"line":30,"column":2},"end":{"line":30,"column":25}},"22":{"start":{"line":34,"column":2},"end":{"line":38,"column":5}},"23":{"start":{"line":39,"column":2},"end":{"line":44,"column":5}},"24":{"start":{"line":48,"column":2},"end":{"line":48,"column":44}},"25":{"start":{"line":49,"column":2},"end":{"line":49,"column":45}}},"fnMap":{"0":{"name":"register","decl":{"start":{"line":8,"column":22},"end":{"line":8,"column":30}},"loc":{"start":{"line":8,"column":58},"end":{"line":12,"column":1}}},"1":{"name":"login","decl":{"start":{"line":14,"column":22},"end":{"line":14,"column":27}},"loc":{"start":{"line":14,"column":55},"end":{"line":19,"column":1}}},"2":{"name":"logout","decl":{"start":{"line":21,"column":22},"end":{"line":21,"column":28}},"loc":{"start":{"line":21,"column":56},"end":{"line":24,"column":1}}},"3":{"name":"refreshToken","decl":{"start":{"line":26,"column":22},"end":{"line":26,"column":34}},"loc":{"start":{"line":26,"column":62},"end":{"line":31,"column":1}}},"4":{"name":"setTokenCookies","decl":{"start":{"line":33,"column":9},"end":{"line":33,"column":24}},"loc":{"start":{"line":33,"column":81},"end":{"line":45,"column":1}}},"5":{"name":"clearTokenCookies","decl":{"start":{"line":47,"column":9},"end":{"line":47,"column":26}},"loc":{"start":{"line":47,"column":40},"end":{"line":50,"column":1}}}},"branchMap":{},"s":{"0":3,"1":3,"2":3,"3":3,"4":3,"5":3,"6":3,"7":3,"8":3,"9":8,"10":4,"11":3,"12":5,"13":4,"14":3,"15":3,"16":1,"17":1,"18":0,"19":0,"20":0,"21":0,"22":3,"23":3,"24":1,"25":1},"f":{"0":8,"1":5,"2":1,"3":0,"4":3,"5":1},"b":{}}
,"/Users/bo/7-sprint-mission/sprint9-submit/src/controllers/commentsController.ts": {"path":"/Users/bo/7-sprint-mission/sprint9-submit/src/controllers/commentsController.ts","statementMap":{"0":{"start":{"line":7,"column":0},"end":{"line":7,"column":7}},"1":{"start":{"line":14,"column":0},"end":{"line":14,"column":7}},"2":{"start":{"line":2,"column":0},"end":{"line":2,"column":37}},"3":{"start":{"line":3,"column":0},"end":{"line":3,"column":68}},"4":{"start":{"line":4,"column":0},"end":{"line":4,"column":58}},"5":{"start":{"line":5,"column":0},"end":{"line":5,"column":63}},"6":{"start":{"line":8,"column":17},"end":{"line":8,"column":51}},"7":{"start":{"line":9,"column":22},"end":{"line":9,"column":63}},"8":{"start":{"line":10,"column":25},"end":{"line":10,"column":86}},"9":{"start":{"line":11,"column":2},"end":{"line":11,"column":27}},"10":{"start":{"line":15,"column":17},"end":{"line":15,"column":51}},"11":{"start":{"line":16,"column":2},"end":{"line":16,"column":55}},"12":{"start":{"line":17,"column":2},"end":{"line":17,"column":25}}},"fnMap":{"0":{"name":"updateComment","decl":{"start":{"line":7,"column":22},"end":{"line":7,"column":35}},"loc":{"start":{"line":7,"column":63},"end":{"line":12,"column":1}}},"1":{"name":"deleteComment","decl":{"start":{"line":14,"column":22},"end":{"line":14,"column":35}},"loc":{"start":{"line":14,"column":63},"end":{"line":18,"column":1}}}},"branchMap":{},"s":{"0":3,"1":3,"2":3,"3":3,"4":3,"5":3,"6":0,"7":0,"8":0,"9":0,"10":0,"11":0,"12":0},"f":{"0":0,"1":0},"b":{}}
,"/Users/bo/7-sprint-mission/sprint9-submit/src/controllers/errorController.ts": {"path":"/Users/bo/7-sprint-mission/sprint9-submit/src/controllers/errorController.ts","statementMap":{"0":{"start":{"line":8,"column":0},"end":{"line":8,"column":16}},"1":{"start":{"line":12,"column":0},"end":{"line":12,"column":16}},"2":{"start":{"line":2,"column":0},"end":{"line":2,"column":42}},"3":{"start":{"line":3,"column":0},"end":{"line":3,"column":60}},"4":{"start":{"line":4,"column":0},"end":{"line":4,"column":56}},"5":{"start":{"line":5,"column":0},"end":{"line":5,"column":64}},"6":{"start":{"line":6,"column":0},"end":{"line":6,"column":58}},"7":{"start":{"line":9,"column":2},"end":{"line":9,"column":49}},"8":{"start":{"line":14,"column":2},"end":{"line":17,"column":3}},"9":{"start":{"line":15,"column":4},"end":{"line":15,"column":51}},"10":{"start":{"line":16,"column":4},"end":{"line":16,"column":11}},"11":{"start":{"line":20,"column":2},"end":{"line":23,"column":3}},"12":{"start":{"line":21,"column":4},"end":{"line":21,"column":54}},"13":{"start":{"line":22,"column":4},"end":{"line":22,"column":11}},"14":{"start":{"line":26,"column":2},"end":{"line":30,"column":3}},"15":{"start":{"line":27,"column":4},"end":{"line":27,"column":23}},"16":{"start":{"line":28,"column":4},"end":{"line":28,"column":64}},"17":{"start":{"line":29,"column":4},"end":{"line":29,"column":11}},"18":{"start":{"line":33,"column":2},"end":{"line":36,"column":3}},"19":{"start":{"line":34,"column":4},"end":{"line":34,"column":51}},"20":{"start":{"line":35,"column":4},"end":{"line":35,"column":11}},"21":{"start":{"line":38,"column":2},"end":{"line":41,"column":3}},"22":{"start":{"line":39,"column":4},"end":{"line":39,"column":51}},"23":{"start":{"line":40,"column":4},"end":{"line":40,"column":11}},"24":{"start":{"line":43,"column":2},"end":{"line":46,"column":3}},"25":{"start":{"line":44,"column":4},"end":{"line":44,"column":51}},"26":{"start":{"line":45,"column":4},"end":{"line":45,"column":11}},"27":{"start":{"line":48,"column":2},"end":{"line":48,"column":21}},"28":{"start":{"line":49,"column":2},"end":{"line":49,"column":61}}},"fnMap":{"0":{"name":"defaultNotFoundHandler","decl":{"start":{"line":8,"column":16},"end":{"line":8,"column":38}},"loc":{"start":{"line":8,"column":86},"end":{"line":10,"column":1}}},"1":{"name":"globalErrorHandler","decl":{"start":{"line":12,"column":16},"end":{"line":12,"column":34}},"loc":{"start":{"line":12,"column":94},"end":{"line":50,"column":1}}}},"branchMap":{"0":{"loc":{"start":{"line":14,"column":2},"end":{"line":17,"column":3}},"type":"if","locations":[{"start":{"line":14,"column":2},"end":{"line":17,"column":3}},{"start":{},"end":{}}]},"1":{"loc":{"start":{"line":14,"column":6},"end":{"line":14,"column":66}},"type":"binary-expr","locations":[{"start":{"line":14,"column":6},"end":{"line":14,"column":32}},{"start":{"line":14,"column":36},"end":{"line":14,"column":66}}]},"2":{"loc":{"start":{"line":20,"column":2},"end":{"line":23,"column":3}},"type":"if","locations":[{"start":{"line":20,"column":2},"end":{"line":23,"column":3}},{"start":{},"end":{}}]},"3":{"loc":{"start":{"line":20,"column":6},"end":{"line":20,"column":49}},"type":"binary-expr","locations":[{"start":{"line":20,"column":6},"end":{"line":20,"column":32}},{"start":{"line":20,"column":36},"end":{"line":20,"column":49}}]},"4":{"loc":{"start":{"line":26,"column":2},"end":{"line":30,"column":3}},"type":"if","locations":[{"start":{"line":26,"column":2},"end":{"line":30,"column":3}},{"start":{},"end":{}}]},"5":{"loc":{"start":{"line":33,"column":2},"end":{"line":36,"column":3}},"type":"if","locations":[{"start":{"line":33,"column":2},"end":{"line":36,"column":3}},{"start":{},"end":{}}]},"6":{"loc":{"start":{"line":38,"column":2},"end":{"line":41,"column":3}},"type":"if","locations":[{"start":{"line":38,"column":2},"end":{"line":41,"column":3}},{"start":{},"end":{}}]},"7":{"loc":{"start":{"line":43,"column":2},"end":{"line":46,"column":3}},"type":"if","locations":[{"start":{"line":43,"column":2},"end":{"line":46,"column":3}},{"start":{},"end":{}}]}},"s":{"0":3,"1":3,"2":3,"3":3,"4":3,"5":3,"6":3,"7":0,"8":12,"9":7,"10":7,"11":5,"12":0,"13":0,"14":5,"15":0,"16":0,"17":0,"18":5,"19":4,"20":4,"21":1,"22":1,"23":1,"24":0,"25":0,"26":0,"27":0,"28":0},"f":{"0":0,"1":12},"b":{"0":[7,5],"1":[12,7],"2":[0,5],"3":[5,0],"4":[0,5],"5":[4,1],"6":[1,0],"7":[0,0]}}
,"/Users/bo/7-sprint-mission/sprint9-submit/src/controllers/imagesController.ts": {"path":"/Users/bo/7-sprint-mission/sprint9-submit/src/controllers/imagesController.ts","statementMap":{"0":{"start":{"line":37,"column":0},"end":{"line":37,"column":7}},"1":{"start":{"line":2,"column":0},"end":{"line":2,"column":28}},"2":{"start":{"line":3,"column":0},"end":{"line":3,"column":24}},"3":{"start":{"line":4,"column":0},"end":{"line":4,"column":36}},"4":{"start":{"line":5,"column":0},"end":{"line":5,"column":60}},"5":{"start":{"line":6,"column":0},"end":{"line":6,"column":60}},"6":{"start":{"line":8,"column":27},"end":{"line":8,"column":67}},"7":{"start":{"line":9,"column":24},"end":{"line":9,"column":39}},"8":{"start":{"line":11,"column":13},"end":{"line":35,"column":3}},"9":{"start":{"line":14,"column":6},"end":{"line":14,"column":28}},"10":{"start":{"line":17,"column":18},"end":{"line":17,"column":49}},"11":{"start":{"line":18,"column":23},"end":{"line":18,"column":42}},"12":{"start":{"line":19,"column":6},"end":{"line":19,"column":25}},"13":{"start":{"line":28,"column":4},"end":{"line":31,"column":5}},"14":{"start":{"line":29,"column":18},"end":{"line":29,"column":76}},"15":{"start":{"line":30,"column":6},"end":{"line":30,"column":21}},"16":{"start":{"line":33,"column":4},"end":{"line":33,"column":19}},"17":{"start":{"line":38,"column":15},"end":{"line":38,"column":30}},"18":{"start":{"line":39,"column":2},"end":{"line":41,"column":3}},"19":{"start":{"line":40,"column":4},"end":{"line":40,"column":50}},"20":{"start":{"line":42,"column":2},"end":{"line":44,"column":3}},"21":{"start":{"line":43,"column":4},"end":{"line":43,"column":50}},"22":{"start":{"line":45,"column":19},"end":{"line":45,"column":66}},"23":{"start":{"line":46,"column":14},"end":{"line":46,"column":34}},"24":{"start":{"line":47,"column":2},"end":{"line":47,"column":20}}},"fnMap":{"0":{"name":"(anonymous_1)","decl":{"start":{"line":13,"column":4},"end":{"line":13,"column":15}},"loc":{"start":{"line":13,"column":29},"end":{"line":15,"column":5}}},"1":{"name":"(anonymous_2)","decl":{"start":{"line":16,"column":4},"end":{"line":16,"column":12}},"loc":{"start":{"line":16,"column":26},"end":{"line":20,"column":5}}},"2":{"name":"(anonymous_3)","decl":{"start":{"line":27,"column":14},"end":{"line":27,"column":24}},"loc":{"start":{"line":27,"column":37},"end":{"line":34,"column":3}}},"3":{"name":"uploadImage","decl":{"start":{"line":37,"column":22},"end":{"line":37,"column":33}},"loc":{"start":{"line":37,"column":61},"end":{"line":48,"column":1}}}},"branchMap":{"0":{"loc":{"start":{"line":28,"column":4},"end":{"line":31,"column":5}},"type":"if","locations":[{"start":{"line":28,"column":4},"end":{"line":31,"column":5}},{"start":{},"end":{}}]},"1":{"loc":{"start":{"line":39,"column":2},"end":{"line":41,"column":3}},"type":"if","locations":[{"start":{"line":39,"column":2},"end":{"line":41,"column":3}},{"start":{},"end":{}}]},"2":{"loc":{"start":{"line":42,"column":2},"end":{"line":44,"column":3}},"type":"if","locations":[{"start":{"line":42,"column":2},"end":{"line":44,"column":3}},{"start":{},"end":{}}]}},"s":{"0":3,"1":3,"2":3,"3":3,"4":3,"5":3,"6":3,"7":3,"8":3,"9":0,"10":0,"11":0,"12":0,"13":0,"14":0,"15":0,"16":0,"17":0,"18":0,"19":0,"20":0,"21":0,"22":0,"23":0,"24":0},"f":{"0":0,"1":0,"2":0,"3":0},"b":{"0":[0,0],"1":[0,0],"2":[0,0]}}
,"/Users/bo/7-sprint-mission/sprint9-submit/src/controllers/notificationsController.ts": {"path":"/Users/bo/7-sprint-mission/sprint9-submit/src/controllers/notificationsController.ts","statementMap":{"0":{"start":{"line":6,"column":0},"end":{"line":6,"column":7}},"1":{"start":{"line":2,"column":0},"end":{"line":2,"column":37}},"2":{"start":{"line":3,"column":0},"end":{"line":3,"column":58}},"3":{"start":{"line":4,"column":0},"end":{"line":4,"column":73}},"4":{"start":{"line":7,"column":17},"end":{"line":7,"column":51}},"5":{"start":{"line":8,"column":2},"end":{"line":8,"column":68}},"6":{"start":{"line":9,"column":2},"end":{"line":9,"column":25}}},"fnMap":{"0":{"name":"readNotification","decl":{"start":{"line":6,"column":22},"end":{"line":6,"column":38}},"loc":{"start":{"line":6,"column":66},"end":{"line":10,"column":1}}}},"branchMap":{},"s":{"0":3,"1":3,"2":3,"3":3,"4":0,"5":0,"6":0},"f":{"0":0},"b":{}}
,"/Users/bo/7-sprint-mission/sprint9-submit/src/controllers/productsController.ts": {"path":"/Users/bo/7-sprint-mission/sprint9-submit/src/controllers/productsController.ts","statementMap":{"0":{"start":{"line":14,"column":0},"end":{"line":14,"column":7}},"1":{"start":{"line":23,"column":0},"end":{"line":23,"column":7}},"2":{"start":{"line":29,"column":0},"end":{"line":29,"column":7}},"3":{"start":{"line":39,"column":0},"end":{"line":39,"column":7}},"4":{"start":{"line":45,"column":0},"end":{"line":45,"column":7}},"5":{"start":{"line":53,"column":0},"end":{"line":53,"column":7}},"6":{"start":{"line":62,"column":0},"end":{"line":62,"column":7}},"7":{"start":{"line":69,"column":0},"end":{"line":69,"column":7}},"8":{"start":{"line":75,"column":0},"end":{"line":75,"column":7}},"9":{"start":{"line":2,"column":0},"end":{"line":2,"column":37}},"10":{"start":{"line":3,"column":0},"end":{"line":3,"column":58}},"11":{"start":{"line":4,"column":0},"end":{"line":4,"column":null}},"12":{"start":{"line":9,"column":0},"end":{"line":9,"column":96}},"13":{"start":{"line":10,"column":0},"end":{"line":10,"column":63}},"14":{"start":{"line":11,"column":0},"end":{"line":11,"column":63}},"15":{"start":{"line":12,"column":0},"end":{"line":12,"column":65}},"16":{"start":{"line":15,"column":15},"end":{"line":15,"column":56}},"17":{"start":{"line":16,"column":25},"end":{"line":19,"column":4}},"18":{"start":{"line":20,"column":2},"end":{"line":20,"column":39}},"19":{"start":{"line":24,"column":17},"end":{"line":24,"column":51}},"20":{"start":{"line":25,"column":18},"end":{"line":25,"column":54}},"21":{"start":{"line":26,"column":2},"end":{"line":26,"column":20}},"22":{"start":{"line":30,"column":17},"end":{"line":30,"column":51}},"23":{"start":{"line":31,"column":15},"end":{"line":31,"column":56}},"24":{"start":{"line":32,"column":25},"end":{"line":35,"column":4}},"25":{"start":{"line":36,"column":2},"end":{"line":36,"column":27}},"26":{"start":{"line":40,"column":17},"end":{"line":40,"column":51}},"27":{"start":{"line":41,"column":2},"end":{"line":41,"column":55}},"28":{"start":{"line":42,"column":2},"end":{"line":42,"column":25}},"29":{"start":{"line":46,"column":17},"end":{"line":46,"column":62}},"30":{"start":{"line":47,"column":17},"end":{"line":49,"column":4}},"31":{"start":{"line":50,"column":2},"end":{"line":50,"column":19}},"32":{"start":{"line":54,"column":15},"end":{"line":54,"column":56}},"33":{"start":{"line":55,"column":25},"end":{"line":58,"column":4}},"34":{"start":{"line":59,"column":2},"end":{"line":59,"column":39}},"35":{"start":{"line":63,"column":28},"end":{"line":63,"column":62}},"36":{"start":{"line":64,"column":17},"end":{"line":64,"column":62}},"37":{"start":{"line":65,"column":17},"end":{"line":65,"column":83}},"38":{"start":{"line":66,"column":2},"end":{"line":66,"column":19}},"39":{"start":{"line":70,"column":28},"end":{"line":70,"column":62}},"40":{"start":{"line":71,"column":2},"end":{"line":71,"column":64}},"41":{"start":{"line":72,"column":2},"end":{"line":72,"column":25}},"42":{"start":{"line":76,"column":28},"end":{"line":76,"column":62}},"43":{"start":{"line":77,"column":2},"end":{"line":77,"column":64}},"44":{"start":{"line":78,"column":2},"end":{"line":78,"column":25}}},"fnMap":{"0":{"name":"createProduct","decl":{"start":{"line":14,"column":22},"end":{"line":14,"column":35}},"loc":{"start":{"line":14,"column":63},"end":{"line":21,"column":1}}},"1":{"name":"getProduct","decl":{"start":{"line":23,"column":22},"end":{"line":23,"column":32}},"loc":{"start":{"line":23,"column":60},"end":{"line":27,"column":1}}},"2":{"name":"updateProduct","decl":{"start":{"line":29,"column":22},"end":{"line":29,"column":35}},"loc":{"start":{"line":29,"column":63},"end":{"line":37,"column":1}}},"3":{"name":"deleteProduct","decl":{"start":{"line":39,"column":22},"end":{"line":39,"column":35}},"loc":{"start":{"line":39,"column":63},"end":{"line":43,"column":1}}},"4":{"name":"getProductList","decl":{"start":{"line":45,"column":22},"end":{"line":45,"column":36}},"loc":{"start":{"line":45,"column":64},"end":{"line":51,"column":1}}},"5":{"name":"createComment","decl":{"start":{"line":53,"column":22},"end":{"line":53,"column":35}},"loc":{"start":{"line":53,"column":63},"end":{"line":60,"column":1}}},"6":{"name":"getCommentList","decl":{"start":{"line":62,"column":22},"end":{"line":62,"column":36}},"loc":{"start":{"line":62,"column":64},"end":{"line":67,"column":1}}},"7":{"name":"createFavorite","decl":{"start":{"line":69,"column":22},"end":{"line":69,"column":36}},"loc":{"start":{"line":69,"column":64},"end":{"line":73,"column":1}}},"8":{"name":"deleteFavorite","decl":{"start":{"line":75,"column":22},"end":{"line":75,"column":36}},"loc":{"start":{"line":75,"column":64},"end":{"line":79,"column":1}}}},"branchMap":{},"s":{"0":3,"1":3,"2":3,"3":3,"4":3,"5":3,"6":3,"7":3,"8":3,"9":3,"10":3,"11":3,"12":3,"13":3,"14":3,"15":3,"16":1,"17":1,"18":1,"19":3,"20":3,"21":1,"22":1,"23":1,"24":1,"25":1,"26":1,"27":1,"28":1,"29":1,"30":1,"31":1,"32":0,"33":0,"34":0,"35":0,"36":0,"37":0,"38":0,"39":0,"40":0,"41":0,"42":0,"43":0,"44":0},"f":{"0":1,"1":3,"2":1,"3":1,"4":1,"5":0,"6":0,"7":0,"8":0},"b":{}}
,"/Users/bo/7-sprint-mission/sprint9-submit/src/controllers/usersController.ts": {"path":"/Users/bo/7-sprint-mission/sprint9-submit/src/controllers/usersController.ts","statementMap":{"0":{"start":{"line":15,"column":0},"end":{"line":15,"column":7}},"1":{"start":{"line":20,"column":0},"end":{"line":20,"column":7}},"2":{"start":{"line":26,"column":0},"end":{"line":26,"column":7}},"3":{"start":{"line":32,"column":0},"end":{"line":32,"column":7}},"4":{"start":{"line":47,"column":0},"end":{"line":47,"column":7}},"5":{"start":{"line":62,"column":0},"end":{"line":62,"column":7}},"6":{"start":{"line":2,"column":0},"end":{"line":2,"column":37}},"7":{"start":{"line":3,"column":0},"end":{"line":3,"column":null}},"8":{"start":{"line":10,"column":0},"end":{"line":10,"column":57}},"9":{"start":{"line":11,"column":0},"end":{"line":11,"column":55}},"10":{"start":{"line":12,"column":0},"end":{"line":12,"column":73}},"11":{"start":{"line":13,"column":0},"end":{"line":13,"column":53}},"12":{"start":{"line":16,"column":15},"end":{"line":16,"column":54}},"13":{"start":{"line":17,"column":2},"end":{"line":17,"column":34}},"14":{"start":{"line":21,"column":15},"end":{"line":21,"column":51}},"15":{"start":{"line":22,"column":22},"end":{"line":22,"column":70}},"16":{"start":{"line":23,"column":2},"end":{"line":23,"column":53}},"17":{"start":{"line":27,"column":36},"end":{"line":27,"column":78}},"18":{"start":{"line":28,"column":2},"end":{"line":28,"column":73}},"19":{"start":{"line":29,"column":2},"end":{"line":29,"column":25}},"20":{"start":{"line":33,"column":47},"end":{"line":33,"column":94}},"21":{"start":{"line":34,"column":31},"end":{"line":39,"column":4}},"22":{"start":{"line":41,"column":2},"end":{"line":44,"column":5}},"23":{"start":{"line":48,"column":47},"end":{"line":48,"column":95}},"24":{"start":{"line":49,"column":31},"end":{"line":54,"column":4}},"25":{"start":{"line":56,"column":2},"end":{"line":59,"column":5}},"26":{"start":{"line":63,"column":28},"end":{"line":63,"column":77}},"27":{"start":{"line":64,"column":56},"end":{"line":67,"column":4}},"28":{"start":{"line":69,"column":2},"end":{"line":74,"column":5}}},"fnMap":{"0":{"name":"getMe","decl":{"start":{"line":15,"column":22},"end":{"line":15,"column":27}},"loc":{"start":{"line":15,"column":55},"end":{"line":18,"column":1}}},"1":{"name":"updateMe","decl":{"start":{"line":20,"column":22},"end":{"line":20,"column":30}},"loc":{"start":{"line":20,"column":58},"end":{"line":24,"column":1}}},"2":{"name":"updateMyPassword","decl":{"start":{"line":26,"column":22},"end":{"line":26,"column":38}},"loc":{"start":{"line":26,"column":66},"end":{"line":30,"column":1}}},"3":{"name":"getMyProductList","decl":{"start":{"line":32,"column":22},"end":{"line":32,"column":38}},"loc":{"start":{"line":32,"column":66},"end":{"line":45,"column":1}}},"4":{"name":"getMyFavoriteList","decl":{"start":{"line":47,"column":22},"end":{"line":47,"column":39}},"loc":{"start":{"line":47,"column":67},"end":{"line":60,"column":1}}},"5":{"name":"getMyNotifications","decl":{"start":{"line":62,"column":22},"end":{"line":62,"column":40}},"loc":{"start":{"line":62,"column":68},"end":{"line":75,"column":1}}}},"branchMap":{},"s":{"0":3,"1":3,"2":3,"3":3,"4":3,"5":3,"6":3,"7":3,"8":3,"9":3,"10":3,"11":3,"12":0,"13":0,"14":0,"15":0,"16":0,"17":0,"18":0,"19":0,"20":0,"21":0,"22":0,"23":0,"24":0,"25":0,"26":0,"27":0,"28":0},"f":{"0":0,"1":0,"2":0,"3":0,"4":0,"5":0},"b":{}}
,"/Users/bo/7-sprint-mission/sprint9-submit/src/dto/userResponseDTO.ts": {"path":"/Users/bo/7-sprint-mission/sprint9-submit/src/dto/userResponseDTO.ts","statementMap":{"0":{"start":{"line":3,"column":24},"end":{"line":6,"column":1}},"1":{"start":{"line":4,"column":47},"end":{"line":4,"column":51}},"2":{"start":{"line":5,"column":2},"end":{"line":5,"column":29}},"3":{"start":{"line":8,"column":0},"end":{"line":8,"column":31}}},"fnMap":{"0":{"name":"(anonymous_0)","decl":{"start":{"line":3,"column":24},"end":{"line":3,"column":25}},"loc":{"start":{"line":3,"column":39},"end":{"line":6,"column":1}}}},"branchMap":{},"s":{"0":3,"1":3,"2":3,"3":3},"f":{"0":3},"b":{}}
,"/Users/bo/7-sprint-mission/sprint9-submit/src/lib/constants.ts": {"path":"/Users/bo/7-sprint-mission/sprint9-submit/src/lib/constants.ts","statementMap":{"0":{"start":{"line":1,"column":0},"end":{"line":1,"column":28}},"1":{"start":{"line":2,"column":0},"end":{"line":2,"column":16}},"2":{"start":{"line":4,"column":13},"end":{"line":4,"column":55}},"3":{"start":{"line":5,"column":13},"end":{"line":5,"column":57}},"4":{"start":{"line":6,"column":13},"end":{"line":6,"column":59}},"5":{"start":{"line":7,"column":13},"end":{"line":7,"column":81}},"6":{"start":{"line":8,"column":13},"end":{"line":8,"column":83}},"7":{"start":{"line":9,"column":13},"end":{"line":9,"column":62}},"8":{"start":{"line":10,"column":13},"end":{"line":10,"column":45}},"9":{"start":{"line":11,"column":13},"end":{"line":11,"column":38}},"10":{"start":{"line":12,"column":13},"end":{"line":12,"column":37}}},"fnMap":{},"branchMap":{"0":{"loc":{"start":{"line":6,"column":28},"end":{"line":6,"column":58}},"type":"binary-expr","locations":[{"start":{"line":6,"column":28},"end":{"line":6,"column":52}},{"start":{"line":6,"column":56},"end":{"line":6,"column":58}}]},"1":{"loc":{"start":{"line":7,"column":39},"end":{"line":7,"column":80}},"type":"binary-expr","locations":[{"start":{"line":7,"column":39},"end":{"line":7,"column":74}},{"start":{"line":7,"column":78},"end":{"line":7,"column":80}}]},"2":{"loc":{"start":{"line":8,"column":40},"end":{"line":8,"column":82}},"type":"binary-expr","locations":[{"start":{"line":8,"column":40},"end":{"line":8,"column":76}},{"start":{"line":8,"column":80},"end":{"line":8,"column":82}}]},"3":{"loc":{"start":{"line":9,"column":24},"end":{"line":9,"column":61}},"type":"binary-expr","locations":[{"start":{"line":9,"column":24},"end":{"line":9,"column":44}},{"start":{"line":9,"column":48},"end":{"line":9,"column":61}}]},"4":{"loc":{"start":{"line":10,"column":20},"end":{"line":10,"column":44}},"type":"binary-expr","locations":[{"start":{"line":10,"column":20},"end":{"line":10,"column":36}},{"start":{"line":10,"column":40},"end":{"line":10,"column":44}}]}},"s":{"0":4,"1":4,"2":4,"3":4,"4":4,"5":4,"6":4,"7":4,"8":4,"9":4,"10":4},"f":{},"b":{"0":[4,0],"1":[4,0],"2":[4,0],"3":[4,0],"4":[4,0]}}
,"/Users/bo/7-sprint-mission/sprint9-submit/src/lib/prismaClient.ts": {"path":"/Users/bo/7-sprint-mission/sprint9-submit/src/lib/prismaClient.ts","statementMap":{"0":{"start":{"line":1,"column":0},"end":{"line":1,"column":46}},"1":{"start":{"line":3,"column":13},"end":{"line":3,"column":47}}},"fnMap":{},"branchMap":{},"s":{"0":6,"1":6},"f":{},"b":{}}
,"/Users/bo/7-sprint-mission/sprint9-submit/src/lib/token.ts": {"path":"/Users/bo/7-sprint-mission/sprint9-submit/src/lib/token.ts","statementMap":{"0":{"start":{"line":4,"column":0},"end":{"line":4,"column":16}},"1":{"start":{"line":14,"column":0},"end":{"line":14,"column":16}},"2":{"start":{"line":22,"column":0},"end":{"line":22,"column":16}},"3":{"start":{"line":1,"column":0},"end":{"line":1,"column":31}},"4":{"start":{"line":2,"column":0},"end":{"line":2,"column":80}},"5":{"start":{"line":5,"column":22},"end":{"line":7,"column":4}},"6":{"start":{"line":8,"column":23},"end":{"line":10,"column":4}},"7":{"start":{"line":11,"column":2},"end":{"line":11,"column":39}},"8":{"start":{"line":15,"column":18},"end":{"line":15,"column":60}},"9":{"start":{"line":16,"column":2},"end":{"line":18,"column":3}},"10":{"start":{"line":17,"column":4},"end":{"line":17,"column":37}},"11":{"start":{"line":19,"column":2},"end":{"line":19,"column":32}},"12":{"start":{"line":23,"column":18},"end":{"line":23,"column":61}},"13":{"start":{"line":24,"column":2},"end":{"line":26,"column":3}},"14":{"start":{"line":25,"column":4},"end":{"line":25,"column":37}},"15":{"start":{"line":27,"column":2},"end":{"line":27,"column":32}}},"fnMap":{"0":{"name":"generateTokens","decl":{"start":{"line":4,"column":16},"end":{"line":4,"column":30}},"loc":{"start":{"line":4,"column":45},"end":{"line":12,"column":1}}},"1":{"name":"verifyAccessToken","decl":{"start":{"line":14,"column":16},"end":{"line":14,"column":33}},"loc":{"start":{"line":14,"column":47},"end":{"line":20,"column":1}}},"2":{"name":"verifyRefreshToken","decl":{"start":{"line":22,"column":16},"end":{"line":22,"column":34}},"loc":{"start":{"line":22,"column":48},"end":{"line":28,"column":1}}}},"branchMap":{"0":{"loc":{"start":{"line":16,"column":2},"end":{"line":18,"column":3}},"type":"if","locations":[{"start":{"line":16,"column":2},"end":{"line":18,"column":3}},{"start":{},"end":{}}]},"1":{"loc":{"start":{"line":24,"column":2},"end":{"line":26,"column":3}},"type":"if","locations":[{"start":{"line":24,"column":2},"end":{"line":26,"column":3}},{"start":{},"end":{}}]}},"s":{"0":4,"1":4,"2":4,"3":4,"4":4,"5":3,"6":3,"7":3,"8":6,"9":6,"10":0,"11":6,"12":0,"13":0,"14":0,"15":0},"f":{"0":3,"1":6,"2":0},"b":{"0":[0,6],"1":[0,0]}}
,"/Users/bo/7-sprint-mission/sprint9-submit/src/lib/withAsync.ts": {"path":"/Users/bo/7-sprint-mission/sprint9-submit/src/lib/withAsync.ts","statementMap":{"0":{"start":{"line":3,"column":0},"end":{"line":3,"column":16}},"1":{"start":{"line":4,"column":2},"end":{"line":10,"column":4}},"2":{"start":{"line":5,"column":4},"end":{"line":9,"column":5}},"3":{"start":{"line":6,"column":6},"end":{"line":6,"column":36}},"4":{"start":{"line":8,"column":6},"end":{"line":8,"column":14}}},"fnMap":{"0":{"name":"withAsync","decl":{"start":{"line":3,"column":16},"end":{"line":3,"column":25}},"loc":{"start":{"line":3,"column":49},"end":{"line":11,"column":1}}},"1":{"name":"(anonymous_1)","decl":{"start":{"line":4,"column":9},"end":{"line":4,"column":14}},"loc":{"start":{"line":4,"column":72},"end":{"line":10,"column":3}}}},"branchMap":{},"s":{"0":3,"1":96,"2":27,"3":27,"4":11},"f":{"0":96,"1":27},"b":{}}
,"/Users/bo/7-sprint-mission/sprint9-submit/src/lib/errors/BadRequestError.ts": {"path":"/Users/bo/7-sprint-mission/sprint9-submit/src/lib/errors/BadRequestError.ts","statementMap":{"0":{"start":{"line":3,"column":4},"end":{"line":3,"column":19}},"1":{"start":{"line":4,"column":4},"end":{"line":4,"column":34}},"2":{"start":{"line":8,"column":0},"end":{"line":8,"column":31}}},"fnMap":{"0":{"name":"(anonymous_0)","decl":{"start":{"line":2,"column":2},"end":{"line":2,"column":14}},"loc":{"start":{"line":2,"column":29},"end":{"line":5,"column":3}}}},"branchMap":{},"s":{"0":2,"1":2,"2":4},"f":{"0":2},"b":{}}
,"/Users/bo/7-sprint-mission/sprint9-submit/src/lib/errors/ForbiddenError.ts": {"path":"/Users/bo/7-sprint-mission/sprint9-submit/src/lib/errors/ForbiddenError.ts","statementMap":{"0":{"start":{"line":3,"column":4},"end":{"line":3,"column":19}},"1":{"start":{"line":4,"column":4},"end":{"line":4,"column":33}},"2":{"start":{"line":8,"column":0},"end":{"line":8,"column":30}}},"fnMap":{"0":{"name":"(anonymous_0)","decl":{"start":{"line":2,"column":2},"end":{"line":2,"column":14}},"loc":{"start":{"line":2,"column":29},"end":{"line":5,"column":3}}}},"branchMap":{},"s":{"0":1,"1":1,"2":5},"f":{"0":1},"b":{}}
,"/Users/bo/7-sprint-mission/sprint9-submit/src/lib/errors/NotFoundError.ts": {"path":"/Users/bo/7-sprint-mission/sprint9-submit/src/lib/errors/NotFoundError.ts","statementMap":{"0":{"start":{"line":3,"column":4},"end":{"line":3,"column":50}},"1":{"start":{"line":4,"column":4},"end":{"line":4,"column":32}},"2":{"start":{"line":8,"column":0},"end":{"line":8,"column":29}}},"fnMap":{"0":{"name":"(anonymous_0)","decl":{"start":{"line":2,"column":2},"end":{"line":2,"column":14}},"loc":{"start":{"line":2,"column":43},"end":{"line":5,"column":3}}}},"branchMap":{},"s":{"0":5,"1":5,"2":5},"f":{"0":5},"b":{}}
,"/Users/bo/7-sprint-mission/sprint9-submit/src/lib/errors/UnauthorizedError.ts": {"path":"/Users/bo/7-sprint-mission/sprint9-submit/src/lib/errors/UnauthorizedError.ts","statementMap":{"0":{"start":{"line":3,"column":4},"end":{"line":3,"column":19}},"1":{"start":{"line":4,"column":4},"end":{"line":4,"column":36}},"2":{"start":{"line":8,"column":0},"end":{"line":8,"column":33}}},"fnMap":{"0":{"name":"(anonymous_0)","decl":{"start":{"line":2,"column":2},"end":{"line":2,"column":14}},"loc":{"start":{"line":2,"column":29},"end":{"line":5,"column":3}}}},"branchMap":{},"s":{"0":8,"1":8,"2":4},"f":{"0":8},"b":{}}
,"/Users/bo/7-sprint-mission/sprint9-submit/src/middlewares/authenticate.ts": {"path":"/Users/bo/7-sprint-mission/sprint9-submit/src/middlewares/authenticate.ts","statementMap":{"0":{"start":{"line":2,"column":0},"end":{"line":2,"column":60}},"1":{"start":{"line":3,"column":0},"end":{"line":3,"column":55}},"2":{"start":{"line":6,"column":2},"end":{"line":20,"column":4}},"3":{"start":{"line":7,"column":24},"end":{"line":7,"column":61}},"4":{"start":{"line":8,"column":4},"end":{"line":18,"column":5}},"5":{"start":{"line":9,"column":19},"end":{"line":9,"column":62}},"6":{"start":{"line":10,"column":6},"end":{"line":10,"column":22}},"7":{"start":{"line":12,"column":6},"end":{"line":15,"column":7}},"8":{"start":{"line":13,"column":8},"end":{"line":13,"column":15}},"9":{"start":{"line":14,"column":8},"end":{"line":14,"column":15}},"10":{"start":{"line":16,"column":6},"end":{"line":16,"column":18}},"11":{"start":{"line":17,"column":6},"end":{"line":17,"column":13}},"12":{"start":{"line":19,"column":4},"end":{"line":19,"column":11}},"13":{"start":{"line":23,"column":0},"end":{"line":23,"column":28}}},"fnMap":{"0":{"name":"authenticate","decl":{"start":{"line":5,"column":9},"end":{"line":5,"column":21}},"loc":{"start":{"line":5,"column":51},"end":{"line":21,"column":1}}},"1":{"name":"(anonymous_10)","decl":{"start":{"line":6,"column":9},"end":{"line":6,"column":14}},"loc":{"start":{"line":6,"column":67},"end":{"line":20,"column":3}}}},"branchMap":{"0":{"loc":{"start":{"line":5,"column":22},"end":{"line":5,"column":51}},"type":"default-arg","locations":[{"start":{"line":5,"column":32},"end":{"line":5,"column":51}}]},"1":{"loc":{"start":{"line":12,"column":6},"end":{"line":15,"column":7}},"type":"if","locations":[{"start":{"line":12,"column":6},"end":{"line":15,"column":7}},{"start":{},"end":{}}]}},"s":{"0":3,"1":3,"2":75,"3":14,"4":14,"5":14,"6":6,"7":8,"8":7,"9":7,"10":1,"11":1,"12":6,"13":3},"f":{"0":75,"1":14},"b":{"0":[63],"1":[7,1]}}
,"/Users/bo/7-sprint-mission/sprint9-submit/src/repositories/articlesRepository.ts": {"path":"/Users/bo/7-sprint-mission/sprint9-submit/src/repositories/articlesRepository.ts","statementMap":{"0":{"start":{"line":5,"column":0},"end":{"line":5,"column":7}},"1":{"start":{"line":12,"column":0},"end":{"line":12,"column":7}},"2":{"start":{"line":17,"column":0},"end":{"line":17,"column":7}},"3":{"start":{"line":37,"column":0},"end":{"line":37,"column":7}},"4":{"start":{"line":73,"column":0},"end":{"line":73,"column":7}},"5":{"start":{"line":90,"column":0},"end":{"line":90,"column":7}},"6":{"start":{"line":2,"column":0},"end":{"line":2,"column":51}},"7":{"start":{"line":6,"column":25},"end":{"line":8,"column":4}},"8":{"start":{"line":9,"column":2},"end":{"line":9,"column":24}},"9":{"start":{"line":13,"column":18},"end":{"line":13,"column":74}},"10":{"start":{"line":14,"column":2},"end":{"line":14,"column":17}},"11":{"start":{"line":18,"column":18},"end":{"line":23,"column":4}},"12":{"start":{"line":25,"column":2},"end":{"line":27,"column":3}},"13":{"start":{"line":26,"column":4},"end":{"line":26,"column":16}},"14":{"start":{"line":29,"column":2},"end":{"line":34,"column":4}},"15":{"start":{"line":33,"column":51},"end":{"line":33,"column":73}},"16":{"start":{"line":45,"column":16},"end":{"line":47,"column":4}},"17":{"start":{"line":49,"column":21},"end":{"line":49,"column":64}},"18":{"start":{"line":50,"column":19},"end":{"line":58,"column":4}},"19":{"start":{"line":60,"column":25},"end":{"line":65,"column":5}},"20":{"start":{"line":60,"column":52},"end":{"line":65,"column":4}},"21":{"start":{"line":64,"column":51},"end":{"line":64,"column":73}},"22":{"start":{"line":67,"column":2},"end":{"line":70,"column":4}},"23":{"start":{"line":74,"column":25},"end":{"line":80,"column":4}},"24":{"start":{"line":81,"column":2},"end":{"line":87,"column":4}},"25":{"start":{"line":85,"column":44},"end":{"line":85,"column":71}},"26":{"start":{"line":91,"column":2},"end":{"line":93,"column":5}}},"fnMap":{"0":{"name":"createArticle","decl":{"start":{"line":5,"column":22},"end":{"line":5,"column":35}},"loc":{"start":{"line":5,"column":89},"end":{"line":10,"column":1}}},"1":{"name":"getArticle","decl":{"start":{"line":12,"column":22},"end":{"line":12,"column":32}},"loc":{"start":{"line":12,"column":43},"end":{"line":15,"column":1}}},"2":{"name":"getArticleWithLkes","decl":{"start":{"line":17,"column":22},"end":{"line":17,"column":40}},"loc":{"start":{"line":17,"column":89},"end":{"line":35,"column":1}}},"3":{"name":"(anonymous_3)","decl":{"start":{"line":33,"column":41},"end":{"line":33,"column":42}},"loc":{"start":{"line":33,"column":51},"end":{"line":33,"column":73}}},"4":{"name":"getArticleListWithLikes","decl":{"start":{"line":37,"column":22},"end":{"line":37,"column":45}},"loc":{"start":{"line":43,"column":8},"end":{"line":71,"column":1}}},"5":{"name":"(anonymous_5)","decl":{"start":{"line":60,"column":38},"end":{"line":60,"column":39}},"loc":{"start":{"line":60,"column":52},"end":{"line":65,"column":4}}},"6":{"name":"(anonymous_6)","decl":{"start":{"line":64,"column":41},"end":{"line":64,"column":42}},"loc":{"start":{"line":64,"column":51},"end":{"line":64,"column":73}}},"7":{"name":"updateArticleWithLikes","decl":{"start":{"line":73,"column":22},"end":{"line":73,"column":44}},"loc":{"start":{"line":73,"column":79},"end":{"line":88,"column":1}}},"8":{"name":"(anonymous_8)","decl":{"start":{"line":85,"column":34},"end":{"line":85,"column":35}},"loc":{"start":{"line":85,"column":44},"end":{"line":85,"column":71}}},"9":{"name":"deleteArticle","decl":{"start":{"line":90,"column":22},"end":{"line":90,"column":35}},"loc":{"start":{"line":90,"column":46},"end":{"line":94,"column":1}}}},"branchMap":{"0":{"loc":{"start":{"line":17,"column":53},"end":{"line":17,"column":89}},"type":"default-arg","locations":[{"start":{"line":17,"column":87},"end":{"line":17,"column":89}}]},"1":{"loc":{"start":{"line":25,"column":2},"end":{"line":27,"column":3}},"type":"if","locations":[{"start":{"line":25,"column":2},"end":{"line":27,"column":3}},{"start":{},"end":{}}]},"2":{"loc":{"start":{"line":33,"column":13},"end":{"line":33,"column":86}},"type":"cond-expr","locations":[{"start":{"line":33,"column":22},"end":{"line":33,"column":74}},{"start":{"line":33,"column":77},"end":{"line":33,"column":86}}]},"3":{"loc":{"start":{"line":39,"column":2},"end":{"line":43,"column":8}},"type":"default-arg","locations":[{"start":{"line":43,"column":6},"end":{"line":43,"column":8}}]},"4":{"loc":{"start":{"line":46,"column":11},"end":{"line":46,"column":54}},"type":"cond-expr","locations":[{"start":{"line":46,"column":21},"end":{"line":46,"column":42}},{"start":{"line":46,"column":45},"end":{"line":46,"column":54}}]},"5":{"loc":{"start":{"line":53,"column":13},"end":{"line":53,"column":73}},"type":"cond-expr","locations":[{"start":{"line":53,"column":36},"end":{"line":53,"column":57}},{"start":{"line":53,"column":60},"end":{"line":53,"column":73}}]},"6":{"loc":{"start":{"line":64,"column":13},"end":{"line":64,"column":86}},"type":"cond-expr","locations":[{"start":{"line":64,"column":22},"end":{"line":64,"column":74}},{"start":{"line":64,"column":77},"end":{"line":64,"column":86}}]},"7":{"loc":{"start":{"line":84,"column":13},"end":{"line":86,"column":17}},"type":"cond-expr","locations":[{"start":{"line":85,"column":8},"end":{"line":85,"column":72}},{"start":{"line":86,"column":8},"end":{"line":86,"column":17}}]}},"s":{"0":3,"1":3,"2":3,"3":3,"4":3,"5":3,"6":3,"7":1,"8":1,"9":2,"10":2,"11":2,"12":2,"13":2,"14":0,"15":0,"16":1,"17":1,"18":1,"19":1,"20":0,"21":0,"22":1,"23":1,"24":1,"25":0,"26":1},"f":{"0":1,"1":2,"2":2,"3":0,"4":1,"5":0,"6":0,"7":1,"8":0,"9":1},"b":{"0":[2],"1":[2,0],"2":[0,0],"3":[1],"4":[0,1],"5":[0,1],"6":[0,0],"7":[1,0]}}
,"/Users/bo/7-sprint-mission/sprint9-submit/src/repositories/commentsRepository.ts": {"path":"/Users/bo/7-sprint-mission/sprint9-submit/src/repositories/commentsRepository.ts","statementMap":{"0":{"start":{"line":5,"column":0},"end":{"line":5,"column":7}},"1":{"start":{"line":12,"column":0},"end":{"line":12,"column":7}},"2":{"start":{"line":19,"column":0},"end":{"line":19,"column":7}},"3":{"start":{"line":39,"column":0},"end":{"line":39,"column":7}},"4":{"start":{"line":46,"column":0},"end":{"line":46,"column":7}},"5":{"start":{"line":2,"column":0},"end":{"line":2,"column":51}},"6":{"start":{"line":6,"column":25},"end":{"line":8,"column":4}},"7":{"start":{"line":9,"column":2},"end":{"line":9,"column":24}},"8":{"start":{"line":13,"column":18},"end":{"line":15,"column":4}},"9":{"start":{"line":16,"column":2},"end":{"line":16,"column":17}},"10":{"start":{"line":23,"column":29},"end":{"line":28,"column":4}},"11":{"start":{"line":29,"column":19},"end":{"line":29,"column":53}},"12":{"start":{"line":30,"column":24},"end":{"line":30,"column":73}},"13":{"start":{"line":31,"column":21},"end":{"line":31,"column":60}},"14":{"start":{"line":33,"column":2},"end":{"line":36,"column":4}},"15":{"start":{"line":40,"column":2},"end":{"line":43,"column":5}},"16":{"start":{"line":47,"column":2},"end":{"line":49,"column":5}}},"fnMap":{"0":{"name":"createComment","decl":{"start":{"line":5,"column":22},"end":{"line":5,"column":35}},"loc":{"start":{"line":5,"column":89},"end":{"line":10,"column":1}}},"1":{"name":"getComment","decl":{"start":{"line":12,"column":22},"end":{"line":12,"column":32}},"loc":{"start":{"line":12,"column":43},"end":{"line":17,"column":1}}},"2":{"name":"getCommentList","decl":{"start":{"line":19,"column":22},"end":{"line":19,"column":36}},"loc":{"start":{"line":21,"column":43},"end":{"line":37,"column":1}}},"3":{"name":"updateComment","decl":{"start":{"line":39,"column":22},"end":{"line":39,"column":35}},"loc":{"start":{"line":39,"column":70},"end":{"line":44,"column":1}}},"4":{"name":"deleteComment","decl":{"start":{"line":46,"column":22},"end":{"line":46,"column":35}},"loc":{"start":{"line":46,"column":46},"end":{"line":50,"column":1}}}},"branchMap":{"0":{"loc":{"start":{"line":24,"column":12},"end":{"line":24,"column":47}},"type":"cond-expr","locations":[{"start":{"line":24,"column":21},"end":{"line":24,"column":35}},{"start":{"line":24,"column":38},"end":{"line":24,"column":47}}]},"1":{"loc":{"start":{"line":31,"column":21},"end":{"line":31,"column":60}},"type":"cond-expr","locations":[{"start":{"line":31,"column":37},"end":{"line":31,"column":53}},{"start":{"line":31,"column":56},"end":{"line":31,"column":60}}]}},"s":{"0":3,"1":3,"2":3,"3":3,"4":3,"5":3,"6":0,"7":0,"8":0,"9":0,"10":0,"11":0,"12":0,"13":0,"14":0,"15":0,"16":0},"f":{"0":0,"1":0,"2":0,"3":0,"4":0},"b":{"0":[0,0],"1":[0,0]}}
,"/Users/bo/7-sprint-mission/sprint9-submit/src/repositories/favoritesRepository.ts": {"path":"/Users/bo/7-sprint-mission/sprint9-submit/src/repositories/favoritesRepository.ts","statementMap":{"0":{"start":{"line":4,"column":0},"end":{"line":4,"column":7}},"1":{"start":{"line":11,"column":0},"end":{"line":11,"column":7}},"2":{"start":{"line":18,"column":0},"end":{"line":18,"column":7}},"3":{"start":{"line":24,"column":0},"end":{"line":24,"column":7}},"4":{"start":{"line":2,"column":0},"end":{"line":2,"column":51}},"5":{"start":{"line":5,"column":26},"end":{"line":7,"column":4}},"6":{"start":{"line":8,"column":2},"end":{"line":8,"column":25}},"7":{"start":{"line":12,"column":19},"end":{"line":14,"column":4}},"8":{"start":{"line":15,"column":2},"end":{"line":15,"column":18}},"9":{"start":{"line":19,"column":2},"end":{"line":21,"column":5}},"10":{"start":{"line":25,"column":20},"end":{"line":27,"column":4}},"11":{"start":{"line":28,"column":2},"end":{"line":28,"column":19}}},"fnMap":{"0":{"name":"createFavorite","decl":{"start":{"line":4,"column":22},"end":{"line":4,"column":36}},"loc":{"start":{"line":4,"column":91},"end":{"line":9,"column":1}}},"1":{"name":"getFavorite","decl":{"start":{"line":11,"column":22},"end":{"line":11,"column":33}},"loc":{"start":{"line":11,"column":67},"end":{"line":16,"column":1}}},"2":{"name":"deleteFavorite","decl":{"start":{"line":18,"column":22},"end":{"line":18,"column":36}},"loc":{"start":{"line":18,"column":47},"end":{"line":22,"column":1}}},"3":{"name":"getFavoritesByProductId","decl":{"start":{"line":24,"column":22},"end":{"line":24,"column":45}},"loc":{"start":{"line":24,"column":63},"end":{"line":29,"column":1}}}},"branchMap":{},"s":{"0":4,"1":4,"2":4,"3":4,"4":4,"5":0,"6":0,"7":0,"8":0,"9":0,"10":1,"11":1},"f":{"0":0,"1":0,"2":0,"3":1},"b":{}}
,"/Users/bo/7-sprint-mission/sprint9-submit/src/repositories/likesRepository.ts": {"path":"/Users/bo/7-sprint-mission/sprint9-submit/src/repositories/likesRepository.ts","statementMap":{"0":{"start":{"line":4,"column":0},"end":{"line":4,"column":7}},"1":{"start":{"line":11,"column":0},"end":{"line":11,"column":7}},"2":{"start":{"line":18,"column":0},"end":{"line":18,"column":7}},"3":{"start":{"line":2,"column":0},"end":{"line":2,"column":51}},"4":{"start":{"line":5,"column":22},"end":{"line":7,"column":4}},"5":{"start":{"line":8,"column":2},"end":{"line":8,"column":21}},"6":{"start":{"line":12,"column":15},"end":{"line":14,"column":4}},"7":{"start":{"line":15,"column":2},"end":{"line":15,"column":14}},"8":{"start":{"line":19,"column":2},"end":{"line":21,"column":5}}},"fnMap":{"0":{"name":"createLike","decl":{"start":{"line":4,"column":22},"end":{"line":4,"column":32}},"loc":{"start":{"line":4,"column":83},"end":{"line":9,"column":1}}},"1":{"name":"getLike","decl":{"start":{"line":11,"column":22},"end":{"line":11,"column":29}},"loc":{"start":{"line":11,"column":63},"end":{"line":16,"column":1}}},"2":{"name":"deleteLike","decl":{"start":{"line":18,"column":22},"end":{"line":18,"column":32}},"loc":{"start":{"line":18,"column":43},"end":{"line":22,"column":1}}}},"branchMap":{},"s":{"0":3,"1":3,"2":3,"3":3,"4":0,"5":0,"6":0,"7":0,"8":0},"f":{"0":0,"1":0,"2":0},"b":{}}
,"/Users/bo/7-sprint-mission/sprint9-submit/src/repositories/notificationsRepository.ts": {"path":"/Users/bo/7-sprint-mission/sprint9-submit/src/repositories/notificationsRepository.ts","statementMap":{"0":{"start":{"line":5,"column":0},"end":{"line":5,"column":7}},"1":{"start":{"line":24,"column":0},"end":{"line":24,"column":7}},"2":{"start":{"line":33,"column":0},"end":{"line":33,"column":7}},"3":{"start":{"line":41,"column":0},"end":{"line":41,"column":7}},"4":{"start":{"line":48,"column":0},"end":{"line":48,"column":7}},"5":{"start":{"line":55,"column":0},"end":{"line":55,"column":7}},"6":{"start":{"line":1,"column":0},"end":{"line":1,"column":51}},"7":{"start":{"line":6,"column":28},"end":{"line":6,"column":34}},"8":{"start":{"line":7,"column":16},"end":{"line":9,"column":4}},"9":{"start":{"line":10,"column":34},"end":{"line":15,"column":4}},"10":{"start":{"line":16,"column":21},"end":{"line":16,"column":69}},"11":{"start":{"line":17,"column":22},"end":{"line":17,"column":97}},"12":{"start":{"line":18,"column":24},"end":{"line":18,"column":63}},"13":{"start":{"line":19,"column":29},"end":{"line":19,"column":88}},"14":{"start":{"line":20,"column":21},"end":{"line":20,"column":70}},"15":{"start":{"line":21,"column":2},"end":{"line":21,"column":64}},"16":{"start":{"line":27,"column":23},"end":{"line":29,"column":4}},"17":{"start":{"line":30,"column":2},"end":{"line":30,"column":22}},"18":{"start":{"line":36,"column":2},"end":{"line":38,"column":5}},"19":{"start":{"line":42,"column":23},"end":{"line":44,"column":4}},"20":{"start":{"line":45,"column":2},"end":{"line":45,"column":22}},"21":{"start":{"line":49,"column":2},"end":{"line":52,"column":5}},"22":{"start":{"line":56,"column":2},"end":{"line":59,"column":5}}},"fnMap":{"0":{"name":"getNotificationsByUserId","decl":{"start":{"line":5,"column":22},"end":{"line":5,"column":46}},"loc":{"start":{"line":5,"column":93},"end":{"line":22,"column":1}}},"1":{"name":"createNotification","decl":{"start":{"line":24,"column":22},"end":{"line":24,"column":40}},"loc":{"start":{"line":25,"column":60},"end":{"line":31,"column":1}}},"2":{"name":"createNotifications","decl":{"start":{"line":33,"column":22},"end":{"line":33,"column":41}},"loc":{"start":{"line":34,"column":62},"end":{"line":39,"column":1}}},"3":{"name":"getNotificationById","decl":{"start":{"line":41,"column":22},"end":{"line":41,"column":41}},"loc":{"start":{"line":41,"column":52},"end":{"line":46,"column":1}}},"4":{"name":"updateNotificationById","decl":{"start":{"line":48,"column":22},"end":{"line":48,"column":44}},"loc":{"start":{"line":48,"column":84},"end":{"line":53,"column":1}}},"5":{"name":"updateNotificationsByUserId","decl":{"start":{"line":55,"column":22},"end":{"line":55,"column":49}},"loc":{"start":{"line":55,"column":93},"end":{"line":60,"column":1}}}},"branchMap":{"0":{"loc":{"start":{"line":11,"column":12},"end":{"line":11,"column":47}},"type":"cond-expr","locations":[{"start":{"line":11,"column":21},"end":{"line":11,"column":35}},{"start":{"line":11,"column":38},"end":{"line":11,"column":47}}]},"1":{"loc":{"start":{"line":20,"column":21},"end":{"line":20,"column":70}},"type":"cond-expr","locations":[{"start":{"line":20,"column":42},"end":{"line":20,"column":63}},{"start":{"line":20,"column":66},"end":{"line":20,"column":70}}]}},"s":{"0":4,"1":4,"2":4,"3":4,"4":4,"5":4,"6":4,"7":0,"8":0,"9":0,"10":0,"11":0,"12":0,"13":0,"14":0,"15":0,"16":0,"17":0,"18":1,"19":0,"20":0,"21":0,"22":0},"f":{"0":0,"1":0,"2":1,"3":0,"4":0,"5":0},"b":{"0":[0,0],"1":[0,0]}}
,"/Users/bo/7-sprint-mission/sprint9-submit/src/repositories/productsRepository.ts": {"path":"/Users/bo/7-sprint-mission/sprint9-submit/src/repositories/productsRepository.ts","statementMap":{"0":{"start":{"line":5,"column":0},"end":{"line":5,"column":7}},"1":{"start":{"line":11,"column":0},"end":{"line":11,"column":7}},"2":{"start":{"line":18,"column":0},"end":{"line":18,"column":7}},"3":{"start":{"line":38,"column":0},"end":{"line":38,"column":7}},"4":{"start":{"line":82,"column":0},"end":{"line":82,"column":7}},"5":{"start":{"line":131,"column":0},"end":{"line":131,"column":7}},"6":{"start":{"line":150,"column":0},"end":{"line":150,"column":7}},"7":{"start":{"line":2,"column":0},"end":{"line":2,"column":51}},"8":{"start":{"line":6,"column":2},"end":{"line":8,"column":5}},"9":{"start":{"line":12,"column":18},"end":{"line":14,"column":4}},"10":{"start":{"line":15,"column":2},"end":{"line":15,"column":17}},"11":{"start":{"line":19,"column":18},"end":{"line":22,"column":4}},"12":{"start":{"line":23,"column":2},"end":{"line":25,"column":3}},"13":{"start":{"line":24,"column":4},"end":{"line":24,"column":16}},"14":{"start":{"line":27,"column":24},"end":{"line":34,"column":4}},"15":{"start":{"line":32,"column":45},"end":{"line":32,"column":71}},"16":{"start":{"line":35,"column":2},"end":{"line":35,"column":23}},"17":{"start":{"line":46,"column":16},"end":{"line":50,"column":8}},"18":{"start":{"line":52,"column":21},"end":{"line":54,"column":4}},"19":{"start":{"line":56,"column":19},"end":{"line":64,"column":4}},"20":{"start":{"line":66,"column":25},"end":{"line":74,"column":5}},"21":{"start":{"line":66,"column":52},"end":{"line":74,"column":4}},"22":{"start":{"line":72,"column":47},"end":{"line":72,"column":73}},"23":{"start":{"line":76,"column":2},"end":{"line":79,"column":4}},"24":{"start":{"line":86,"column":16},"end":{"line":90,"column":8}},"25":{"start":{"line":91,"column":21},"end":{"line":100,"column":4}},"26":{"start":{"line":101,"column":19},"end":{"line":116,"column":4}},"27":{"start":{"line":118,"column":25},"end":{"line":123,"column":5}},"28":{"start":{"line":118,"column":52},"end":{"line":123,"column":4}},"29":{"start":{"line":125,"column":2},"end":{"line":128,"column":4}},"30":{"start":{"line":132,"column":18},"end":{"line":138,"column":4}},"31":{"start":{"line":139,"column":24},"end":{"line":146,"column":4}},"32":{"start":{"line":144,"column":45},"end":{"line":144,"column":76}},"33":{"start":{"line":147,"column":2},"end":{"line":147,"column":23}},"34":{"start":{"line":151,"column":2},"end":{"line":153,"column":5}}},"fnMap":{"0":{"name":"createProduct","decl":{"start":{"line":5,"column":22},"end":{"line":5,"column":35}},"loc":{"start":{"line":5,"column":89},"end":{"line":9,"column":1}}},"1":{"name":"getProduct","decl":{"start":{"line":11,"column":22},"end":{"line":11,"column":32}},"loc":{"start":{"line":11,"column":43},"end":{"line":16,"column":1}}},"2":{"name":"getProductWithFavorites","decl":{"start":{"line":18,"column":22},"end":{"line":18,"column":45}},"loc":{"start":{"line":18,"column":73},"end":{"line":36,"column":1}}},"3":{"name":"(anonymous_3)","decl":{"start":{"line":32,"column":31},"end":{"line":32,"column":32}},"loc":{"start":{"line":32,"column":45},"end":{"line":32,"column":71}}},"4":{"name":"getProductListWithFavorites","decl":{"start":{"line":38,"column":22},"end":{"line":38,"column":49}},"loc":{"start":{"line":44,"column":8},"end":{"line":80,"column":1}}},"5":{"name":"(anonymous_5)","decl":{"start":{"line":66,"column":38},"end":{"line":66,"column":39}},"loc":{"start":{"line":66,"column":52},"end":{"line":74,"column":4}}},"6":{"name":"(anonymous_6)","decl":{"start":{"line":72,"column":33},"end":{"line":72,"column":34}},"loc":{"start":{"line":72,"column":47},"end":{"line":72,"column":73}}},"7":{"name":"getFavoriteProductListByOwnerId","decl":{"start":{"line":82,"column":22},"end":{"line":82,"column":53}},"loc":{"start":{"line":84,"column":60},"end":{"line":129,"column":1}}},"8":{"name":"(anonymous_8)","decl":{"start":{"line":118,"column":38},"end":{"line":118,"column":39}},"loc":{"start":{"line":118,"column":52},"end":{"line":123,"column":4}}},"9":{"name":"updateProductWithFavorites","decl":{"start":{"line":131,"column":22},"end":{"line":131,"column":48}},"loc":{"start":{"line":131,"column":83},"end":{"line":148,"column":1}}},"10":{"name":"(anonymous_10)","decl":{"start":{"line":144,"column":31},"end":{"line":144,"column":32}},"loc":{"start":{"line":144,"column":45},"end":{"line":144,"column":76}}},"11":{"name":"deleteProduct","decl":{"start":{"line":150,"column":22},"end":{"line":150,"column":35}},"loc":{"start":{"line":150,"column":46},"end":{"line":154,"column":1}}}},"branchMap":{"0":{"loc":{"start":{"line":23,"column":2},"end":{"line":25,"column":3}},"type":"if","locations":[{"start":{"line":23,"column":2},"end":{"line":25,"column":3}},{"start":{},"end":{}}]},"1":{"loc":{"start":{"line":31,"column":17},"end":{"line":33,"column":17}},"type":"cond-expr","locations":[{"start":{"line":32,"column":8},"end":{"line":32,"column":72}},{"start":{"line":33,"column":8},"end":{"line":33,"column":17}}]},"2":{"loc":{"start":{"line":40,"column":2},"end":{"line":44,"column":8}},"type":"default-arg","locations":[{"start":{"line":44,"column":6},"end":{"line":44,"column":8}}]},"3":{"loc":{"start":{"line":46,"column":16},"end":{"line":50,"column":8}},"type":"cond-expr","locations":[{"start":{"line":47,"column":6},"end":{"line":49,"column":null}},{"start":{"line":50,"column":6},"end":{"line":50,"column":8}}]},"4":{"loc":{"start":{"line":59,"column":13},"end":{"line":59,"column":66}},"type":"cond-expr","locations":[{"start":{"line":59,"column":36},"end":{"line":59,"column":50}},{"start":{"line":59,"column":53},"end":{"line":59,"column":66}}]},"5":{"loc":{"start":{"line":71,"column":6},"end":{"line":73,"column":19}},"type":"cond-expr","locations":[{"start":{"line":72,"column":10},"end":{"line":72,"column":74}},{"start":{"line":73,"column":10},"end":{"line":73,"column":19}}]},"6":{"loc":{"start":{"line":86,"column":16},"end":{"line":90,"column":8}},"type":"cond-expr","locations":[{"start":{"line":87,"column":6},"end":{"line":89,"column":null}},{"start":{"line":90,"column":6},"end":{"line":90,"column":8}}]},"7":{"loc":{"start":{"line":104,"column":13},"end":{"line":104,"column":66}},"type":"cond-expr","locations":[{"start":{"line":104,"column":36},"end":{"line":104,"column":50}},{"start":{"line":104,"column":53},"end":{"line":104,"column":66}}]},"8":{"loc":{"start":{"line":143,"column":17},"end":{"line":145,"column":17}},"type":"cond-expr","locations":[{"start":{"line":144,"column":8},"end":{"line":144,"column":77}},{"start":{"line":145,"column":8},"end":{"line":145,"column":17}}]}},"s":{"0":4,"1":4,"2":4,"3":4,"4":4,"5":4,"6":4,"7":4,"8":1,"9":2,"10":2,"11":3,"12":3,"13":2,"14":1,"15":0,"16":1,"17":1,"18":1,"19":1,"20":1,"21":0,"22":0,"23":1,"24":0,"25":0,"26":0,"27":0,"28":0,"29":0,"30":1,"31":1,"32":0,"33":1,"34":1},"f":{"0":1,"1":2,"2":3,"3":0,"4":1,"5":0,"6":0,"7":0,"8":0,"9":1,"10":0,"11":1},"b":{"0":[2,1],"1":[0,1],"2":[0],"3":[0,1],"4":[0,1],"5":[0,0],"6":[0,0],"7":[0,0],"8":[1,0]}}
,"/Users/bo/7-sprint-mission/sprint9-submit/src/repositories/usersRepository.ts": {"path":"/Users/bo/7-sprint-mission/sprint9-submit/src/repositories/usersRepository.ts","statementMap":{"0":{"start":{"line":4,"column":0},"end":{"line":4,"column":7}},"1":{"start":{"line":11,"column":0},"end":{"line":11,"column":7}},"2":{"start":{"line":18,"column":0},"end":{"line":18,"column":7}},"3":{"start":{"line":25,"column":0},"end":{"line":25,"column":7}},"4":{"start":{"line":33,"column":0},"end":{"line":33,"column":7}},"5":{"start":{"line":2,"column":0},"end":{"line":2,"column":51}},"6":{"start":{"line":5,"column":22},"end":{"line":7,"column":4}},"7":{"start":{"line":8,"column":2},"end":{"line":8,"column":21}},"8":{"start":{"line":12,"column":15},"end":{"line":14,"column":4}},"9":{"start":{"line":15,"column":2},"end":{"line":15,"column":14}},"10":{"start":{"line":19,"column":15},"end":{"line":21,"column":4}},"11":{"start":{"line":22,"column":2},"end":{"line":22,"column":14}},"12":{"start":{"line":26,"column":22},"end":{"line":29,"column":4}},"13":{"start":{"line":30,"column":2},"end":{"line":30,"column":21}},"14":{"start":{"line":34,"column":2},"end":{"line":36,"column":5}}},"fnMap":{"0":{"name":"createUser","decl":{"start":{"line":4,"column":22},"end":{"line":4,"column":32}},"loc":{"start":{"line":4,"column":83},"end":{"line":9,"column":1}}},"1":{"name":"getUser","decl":{"start":{"line":11,"column":22},"end":{"line":11,"column":29}},"loc":{"start":{"line":11,"column":40},"end":{"line":16,"column":1}}},"2":{"name":"getUserByEmail","decl":{"start":{"line":18,"column":22},"end":{"line":18,"column":36}},"loc":{"start":{"line":18,"column":50},"end":{"line":23,"column":1}}},"3":{"name":"updateUser","decl":{"start":{"line":25,"column":22},"end":{"line":25,"column":32}},"loc":{"start":{"line":25,"column":64},"end":{"line":31,"column":1}}},"4":{"name":"deleteUser","decl":{"start":{"line":33,"column":22},"end":{"line":33,"column":32}},"loc":{"start":{"line":33,"column":43},"end":{"line":37,"column":1}}}},"branchMap":{},"s":{"0":4,"1":4,"2":4,"3":4,"4":4,"5":4,"6":3,"7":3,"8":6,"9":6,"10":8,"11":8,"12":0,"13":0,"14":0},"f":{"0":3,"1":6,"2":8,"3":0,"4":0},"b":{}}
,"/Users/bo/7-sprint-mission/sprint9-submit/src/routers/articlesRouter.ts": {"path":"/Users/bo/7-sprint-mission/sprint9-submit/src/routers/articlesRouter.ts","statementMap":{"0":{"start":{"line":1,"column":0},"end":{"line":1,"column":30}},"1":{"start":{"line":2,"column":0},"end":{"line":2,"column":45}},"2":{"start":{"line":3,"column":0},"end":{"line":3,"column":null}},"3":{"start":{"line":14,"column":0},"end":{"line":14,"column":55}},"4":{"start":{"line":16,"column":23},"end":{"line":16,"column":39}},"5":{"start":{"line":18,"column":0},"end":{"line":18,"column":67}},"6":{"start":{"line":19,"column":0},"end":{"line":19,"column":85}},"7":{"start":{"line":20,"column":0},"end":{"line":20,"column":84}},"8":{"start":{"line":21,"column":0},"end":{"line":21,"column":71}},"9":{"start":{"line":22,"column":0},"end":{"line":22,"column":72}},"10":{"start":{"line":23,"column":0},"end":{"line":23,"column":79}},"11":{"start":{"line":24,"column":0},"end":{"line":24,"column":63}},"12":{"start":{"line":25,"column":0},"end":{"line":25,"column":73}},"13":{"start":{"line":26,"column":0},"end":{"line":26,"column":75}},"14":{"start":{"line":28,"column":0},"end":{"line":28,"column":30}}},"fnMap":{},"branchMap":{},"s":{"0":3,"1":3,"2":3,"3":3,"4":3,"5":3,"6":3,"7":3,"8":3,"9":3,"10":3,"11":3,"12":3,"13":3,"14":3},"f":{},"b":{}}
,"/Users/bo/7-sprint-mission/sprint9-submit/src/routers/authRouter.ts": {"path":"/Users/bo/7-sprint-mission/sprint9-submit/src/routers/authRouter.ts","statementMap":{"0":{"start":{"line":1,"column":0},"end":{"line":1,"column":30}},"1":{"start":{"line":2,"column":0},"end":{"line":2,"column":86}},"2":{"start":{"line":3,"column":0},"end":{"line":3,"column":45}},"3":{"start":{"line":5,"column":19},"end":{"line":5,"column":35}},"4":{"start":{"line":7,"column":0},"end":{"line":7,"column":50}},"5":{"start":{"line":8,"column":0},"end":{"line":8,"column":44}},"6":{"start":{"line":9,"column":0},"end":{"line":9,"column":46}},"7":{"start":{"line":10,"column":0},"end":{"line":10,"column":53}},"8":{"start":{"line":12,"column":0},"end":{"line":12,"column":26}}},"fnMap":{},"branchMap":{},"s":{"0":3,"1":3,"2":3,"3":3,"4":3,"5":3,"6":3,"7":3,"8":3},"f":{},"b":{}}
,"/Users/bo/7-sprint-mission/sprint9-submit/src/routers/commentsRouter.ts": {"path":"/Users/bo/7-sprint-mission/sprint9-submit/src/routers/commentsRouter.ts","statementMap":{"0":{"start":{"line":1,"column":0},"end":{"line":1,"column":30}},"1":{"start":{"line":2,"column":0},"end":{"line":2,"column":45}},"2":{"start":{"line":3,"column":0},"end":{"line":3,"column":81}},"3":{"start":{"line":4,"column":0},"end":{"line":4,"column":55}},"4":{"start":{"line":6,"column":23},"end":{"line":6,"column":39}},"5":{"start":{"line":8,"column":0},"end":{"line":8,"column":71}},"6":{"start":{"line":9,"column":0},"end":{"line":9,"column":72}},"7":{"start":{"line":11,"column":0},"end":{"line":11,"column":30}}},"fnMap":{},"branchMap":{},"s":{"0":3,"1":3,"2":3,"3":3,"4":3,"5":3,"6":3,"7":3},"f":{},"b":{}}
,"/Users/bo/7-sprint-mission/sprint9-submit/src/routers/imagesRouter.ts": {"path":"/Users/bo/7-sprint-mission/sprint9-submit/src/routers/imagesRouter.ts","statementMap":{"0":{"start":{"line":1,"column":0},"end":{"line":1,"column":30}},"1":{"start":{"line":2,"column":0},"end":{"line":2,"column":45}},"2":{"start":{"line":3,"column":0},"end":{"line":3,"column":70}},"3":{"start":{"line":5,"column":21},"end":{"line":5,"column":37}},"4":{"start":{"line":7,"column":0},"end":{"line":7,"column":77}},"5":{"start":{"line":9,"column":0},"end":{"line":9,"column":28}}},"fnMap":{},"branchMap":{},"s":{"0":3,"1":3,"2":3,"3":3,"4":3,"5":3},"f":{},"b":{}}
,"/Users/bo/7-sprint-mission/sprint9-submit/src/routers/notificationsRouter.ts": {"path":"/Users/bo/7-sprint-mission/sprint9-submit/src/routers/notificationsRouter.ts","statementMap":{"0":{"start":{"line":1,"column":0},"end":{"line":1,"column":30}},"1":{"start":{"line":2,"column":0},"end":{"line":2,"column":45}},"2":{"start":{"line":3,"column":0},"end":{"line":3,"column":55}},"3":{"start":{"line":4,"column":0},"end":{"line":4,"column":74}},"4":{"start":{"line":6,"column":28},"end":{"line":6,"column":44}},"5":{"start":{"line":8,"column":0},"end":{"line":8,"column":84}},"6":{"start":{"line":10,"column":0},"end":{"line":10,"column":35}}},"fnMap":{},"branchMap":{},"s":{"0":3,"1":3,"2":3,"3":3,"4":3,"5":3,"6":3},"f":{},"b":{}}
,"/Users/bo/7-sprint-mission/sprint9-submit/src/routers/productsRouter.ts": {"path":"/Users/bo/7-sprint-mission/sprint9-submit/src/routers/productsRouter.ts","statementMap":{"0":{"start":{"line":1,"column":0},"end":{"line":1,"column":30}},"1":{"start":{"line":2,"column":0},"end":{"line":2,"column":45}},"2":{"start":{"line":3,"column":0},"end":{"line":3,"column":null}},"3":{"start":{"line":14,"column":0},"end":{"line":14,"column":55}},"4":{"start":{"line":16,"column":23},"end":{"line":16,"column":39}},"5":{"start":{"line":18,"column":0},"end":{"line":18,"column":67}},"6":{"start":{"line":19,"column":0},"end":{"line":19,"column":84}},"7":{"start":{"line":20,"column":0},"end":{"line":20,"column":71}},"8":{"start":{"line":21,"column":0},"end":{"line":21,"column":72}},"9":{"start":{"line":22,"column":0},"end":{"line":22,"column":85}},"10":{"start":{"line":23,"column":0},"end":{"line":23,"column":79}},"11":{"start":{"line":24,"column":0},"end":{"line":24,"column":63}},"12":{"start":{"line":25,"column":0},"end":{"line":25,"column":81}},"13":{"start":{"line":26,"column":0},"end":{"line":26,"column":83}},"14":{"start":{"line":28,"column":0},"end":{"line":28,"column":30}}},"fnMap":{},"branchMap":{},"s":{"0":3,"1":3,"2":3,"3":3,"4":3,"5":3,"6":3,"7":3,"8":3,"9":3,"10":3,"11":3,"12":3,"13":3,"14":3},"f":{},"b":{}}
,"/Users/bo/7-sprint-mission/sprint9-submit/src/routers/usersRouter.ts": {"path":"/Users/bo/7-sprint-mission/sprint9-submit/src/routers/usersRouter.ts","statementMap":{"0":{"start":{"line":1,"column":0},"end":{"line":1,"column":30}},"1":{"start":{"line":2,"column":0},"end":{"line":2,"column":45}},"2":{"start":{"line":3,"column":0},"end":{"line":3,"column":null}},"3":{"start":{"line":11,"column":0},"end":{"line":11,"column":55}},"4":{"start":{"line":13,"column":20},"end":{"line":13,"column":36}},"5":{"start":{"line":15,"column":0},"end":{"line":15,"column":57}},"6":{"start":{"line":16,"column":0},"end":{"line":16,"column":62}},"7":{"start":{"line":17,"column":0},"end":{"line":17,"column":79}},"8":{"start":{"line":18,"column":0},"end":{"line":18,"column":77}},"9":{"start":{"line":19,"column":0},"end":{"line":19,"column":79}},"10":{"start":{"line":20,"column":0},"end":{"line":20,"column":84}},"11":{"start":{"line":22,"column":0},"end":{"line":22,"column":27}}},"fnMap":{},"branchMap":{},"s":{"0":3,"1":3,"2":3,"3":3,"4":3,"5":3,"6":3,"7":3,"8":3,"9":3,"10":3,"11":3},"f":{},"b":{}}
,"/Users/bo/7-sprint-mission/sprint9-submit/src/services/articlesService.ts": {"path":"/Users/bo/7-sprint-mission/sprint9-submit/src/services/articlesService.ts","statementMap":{"0":{"start":{"line":10,"column":0},"end":{"line":10,"column":7}},"1":{"start":{"line":19,"column":0},"end":{"line":19,"column":7}},"2":{"start":{"line":27,"column":0},"end":{"line":27,"column":7}},"3":{"start":{"line":34,"column":0},"end":{"line":34,"column":7}},"4":{"start":{"line":48,"column":0},"end":{"line":48,"column":7}},"5":{"start":{"line":1,"column":0},"end":{"line":1,"column":73}},"6":{"start":{"line":3,"column":0},"end":{"line":3,"column":58}},"7":{"start":{"line":4,"column":0},"end":{"line":4,"column":56}},"8":{"start":{"line":11,"column":25},"end":{"line":11,"column":69}},"9":{"start":{"line":12,"column":2},"end":{"line":16,"column":4}},"10":{"start":{"line":20,"column":18},"end":{"line":20,"column":65}},"11":{"start":{"line":21,"column":2},"end":{"line":23,"column":3}},"12":{"start":{"line":22,"column":4},"end":{"line":22,"column":43}},"13":{"start":{"line":24,"column":2},"end":{"line":24,"column":17}},"14":{"start":{"line":30,"column":19},"end":{"line":30,"column":75}},"15":{"start":{"line":31,"column":2},"end":{"line":31,"column":18}},"16":{"start":{"line":35,"column":26},"end":{"line":35,"column":65}},"17":{"start":{"line":36,"column":2},"end":{"line":38,"column":3}},"18":{"start":{"line":37,"column":4},"end":{"line":37,"column":43}},"19":{"start":{"line":40,"column":2},"end":{"line":42,"column":3}},"20":{"start":{"line":41,"column":4},"end":{"line":41,"column":67}},"21":{"start":{"line":44,"column":25},"end":{"line":44,"column":82}},"22":{"start":{"line":45,"column":2},"end":{"line":45,"column":24}},"23":{"start":{"line":49,"column":26},"end":{"line":49,"column":65}},"24":{"start":{"line":50,"column":2},"end":{"line":52,"column":3}},"25":{"start":{"line":51,"column":4},"end":{"line":51,"column":43}},"26":{"start":{"line":54,"column":2},"end":{"line":56,"column":3}},"27":{"start":{"line":55,"column":4},"end":{"line":55,"column":67}},"28":{"start":{"line":58,"column":2},"end":{"line":58,"column":45}}},"fnMap":{"0":{"name":"createArticle","decl":{"start":{"line":10,"column":22},"end":{"line":10,"column":35}},"loc":{"start":{"line":10,"column":59},"end":{"line":17,"column":1}}},"1":{"name":"getArticle","decl":{"start":{"line":19,"column":22},"end":{"line":19,"column":32}},"loc":{"start":{"line":19,"column":43},"end":{"line":25,"column":1}}},"2":{"name":"getArticleList","decl":{"start":{"line":27,"column":22},"end":{"line":27,"column":36}},"loc":{"start":{"line":28,"column":30},"end":{"line":32,"column":1}}},"3":{"name":"updateArticle","decl":{"start":{"line":34,"column":22},"end":{"line":34,"column":35}},"loc":{"start":{"line":34,"column":71},"end":{"line":46,"column":1}}},"4":{"name":"deleteArticle","decl":{"start":{"line":48,"column":22},"end":{"line":48,"column":35}},"loc":{"start":{"line":48,"column":62},"end":{"line":59,"column":1}}}},"branchMap":{"0":{"loc":{"start":{"line":21,"column":2},"end":{"line":23,"column":3}},"type":"if","locations":[{"start":{"line":21,"column":2},"end":{"line":23,"column":3}},{"start":{},"end":{}}]},"1":{"loc":{"start":{"line":36,"column":2},"end":{"line":38,"column":3}},"type":"if","locations":[{"start":{"line":36,"column":2},"end":{"line":38,"column":3}},{"start":{},"end":{}}]},"2":{"loc":{"start":{"line":40,"column":2},"end":{"line":42,"column":3}},"type":"if","locations":[{"start":{"line":40,"column":2},"end":{"line":42,"column":3}},{"start":{},"end":{}}]},"3":{"loc":{"start":{"line":50,"column":2},"end":{"line":52,"column":3}},"type":"if","locations":[{"start":{"line":50,"column":2},"end":{"line":52,"column":3}},{"start":{},"end":{}}]},"4":{"loc":{"start":{"line":54,"column":2},"end":{"line":56,"column":3}},"type":"if","locations":[{"start":{"line":54,"column":2},"end":{"line":56,"column":3}},{"start":{},"end":{}}]}},"s":{"0":3,"1":3,"2":3,"3":3,"4":3,"5":3,"6":3,"7":3,"8":1,"9":1,"10":2,"11":2,"12":2,"13":0,"14":1,"15":1,"16":1,"17":1,"18":0,"19":1,"20":0,"21":1,"22":1,"23":1,"24":1,"25":0,"26":1,"27":0,"28":1},"f":{"0":1,"1":2,"2":1,"3":1,"4":1},"b":{"0":[2,0],"1":[0,1],"2":[0,1],"3":[0,1],"4":[0,1]}}
,"/Users/bo/7-sprint-mission/sprint9-submit/src/services/authService.ts": {"path":"/Users/bo/7-sprint-mission/sprint9-submit/src/services/authService.ts","statementMap":{"0":{"start":{"line":21,"column":0},"end":{"line":21,"column":7}},"1":{"start":{"line":39,"column":0},"end":{"line":39,"column":7}},"2":{"start":{"line":57,"column":0},"end":{"line":57,"column":7}},"3":{"start":{"line":76,"column":0},"end":{"line":76,"column":7}},"4":{"start":{"line":91,"column":0},"end":{"line":91,"column":7}},"5":{"start":{"line":1,"column":0},"end":{"line":1,"column":28}},"6":{"start":{"line":2,"column":0},"end":{"line":2,"column":67}},"7":{"start":{"line":3,"column":0},"end":{"line":3,"column":60}},"8":{"start":{"line":4,"column":0},"end":{"line":4,"column":56}},"9":{"start":{"line":5,"column":0},"end":{"line":5,"column":85}},"10":{"start":{"line":6,"column":0},"end":{"line":6,"column":64}},"11":{"start":{"line":13,"column":2},"end":{"line":13,"column":55}},"12":{"start":{"line":17,"column":15},"end":{"line":17,"column":39}},"13":{"start":{"line":18,"column":2},"end":{"line":18,"column":43}},"14":{"start":{"line":22,"column":23},"end":{"line":22,"column":71}},"15":{"start":{"line":23,"column":2},"end":{"line":25,"column":3}},"16":{"start":{"line":24,"column":4},"end":{"line":24,"column":53}},"17":{"start":{"line":27,"column":25},"end":{"line":27,"column":58}},"18":{"start":{"line":29,"column":15},"end":{"line":34,"column":4}},"19":{"start":{"line":36,"column":2},"end":{"line":36,"column":14}},"20":{"start":{"line":40,"column":15},"end":{"line":40,"column":63}},"21":{"start":{"line":41,"column":2},"end":{"line":43,"column":3}},"22":{"start":{"line":42,"column":4},"end":{"line":42,"column":53}},"23":{"start":{"line":45,"column":26},"end":{"line":45,"column":67}},"24":{"start":{"line":46,"column":2},"end":{"line":48,"column":3}},"25":{"start":{"line":47,"column":4},"end":{"line":47,"column":53}},"26":{"start":{"line":50,"column":40},"end":{"line":50,"column":63}},"27":{"start":{"line":51,"column":2},"end":{"line":54,"column":4}},"28":{"start":{"line":58,"column":2},"end":{"line":60,"column":3}},"29":{"start":{"line":59,"column":4},"end":{"line":59,"column":55}},"30":{"start":{"line":62,"column":21},"end":{"line":62,"column":53}},"31":{"start":{"line":64,"column":15},"end":{"line":64,"column":52}},"32":{"start":{"line":65,"column":2},"end":{"line":67,"column":3}},"33":{"start":{"line":66,"column":4},"end":{"line":66,"column":55}},"34":{"start":{"line":69,"column":57},"end":{"line":69,"column":79}},"35":{"start":{"line":70,"column":2},"end":{"line":73,"column":4}},"36":{"start":{"line":77,"column":15},"end":{"line":77,"column":52}},"37":{"start":{"line":78,"column":2},"end":{"line":80,"column":3}},"38":{"start":{"line":79,"column":4},"end":{"line":79,"column":44}},"39":{"start":{"line":82,"column":26},"end":{"line":82,"column":62}},"40":{"start":{"line":83,"column":2},"end":{"line":85,"column":3}},"41":{"start":{"line":84,"column":4},"end":{"line":84,"column":53}},"42":{"start":{"line":87,"column":25},"end":{"line":87,"column":56}},"43":{"start":{"line":88,"column":2},"end":{"line":88,"column":73}},"44":{"start":{"line":92,"column":2},"end":{"line":94,"column":3}},"45":{"start":{"line":93,"column":4},"end":{"line":93,"column":48}},"46":{"start":{"line":96,"column":21},"end":{"line":96,"column":51}},"47":{"start":{"line":97,"column":15},"end":{"line":97,"column":52}},"48":{"start":{"line":98,"column":2},"end":{"line":100,"column":3}},"49":{"start":{"line":99,"column":4},"end":{"line":99,"column":48}},"50":{"start":{"line":101,"column":2},"end":{"line":101,"column":14}}},"fnMap":{"0":{"name":"verifyPassword","decl":{"start":{"line":12,"column":15},"end":{"line":12,"column":29}},"loc":{"start":{"line":12,"column":58},"end":{"line":14,"column":1}}},"1":{"name":"hashPassword","decl":{"start":{"line":16,"column":15},"end":{"line":16,"column":27}},"loc":{"start":{"line":16,"column":44},"end":{"line":19,"column":1}}},"2":{"name":"register","decl":{"start":{"line":21,"column":22},"end":{"line":21,"column":30}},"loc":{"start":{"line":21,"
[...]
ionsService.ts": {"path":"/Users/bo/7-sprint-mission/sprint9-submit/src/services/notificationsService.ts","statementMap":{"0":{"start":{"line":10,"column":0},"end":{"line":10,"column":7}},"1":{"start":{"line":28,"column":0},"end":{"line":28,"column":7}},"2":{"start":{"line":43,"column":0},"end":{"line":43,"column":7}},"3":{"start":{"line":60,"column":0},"end":{"line":60,"column":7}},"4":{"start":{"line":1,"column":0},"end":{"line":1,"column":64}},"5":{"start":{"line":2,"column":0},"end":{"line":2,"column":56}},"6":{"start":{"line":3,"column":0},"end":{"line":3,"column":58}},"7":{"start":{"line":6,"column":0},"end":{"line":6,"column":83}},"8":{"start":{"line":7,"column":0},"end":{"line":7,"column":67}},"9":{"start":{"line":8,"column":0},"end":{"line":8,"column":44}},"10":{"start":{"line":13,"column":23},"end":{"line":13,"column":65}},"11":{"start":{"line":14,"column":2},"end":{"line":16,"column":3}},"12":{"start":{"line":15,"column":4},"end":{"line":15,"column":49}},"13":{"start":{"line":18,"column":23},"end":{"line":21,"column":4}},"14":{"start":{"line":23,"column":2},"end":{"line":23,"column":63}},"15":{"start":{"line":25,"column":2},"end":{"line":25,"column":22}},"16":{"start":{"line":31,"column":2},"end":{"line":36,"column":4}},"17":{"start":{"line":32,"column":41},"end":{"line":35,"column":6}},"18":{"start":{"line":38,"column":2},"end":{"line":40,"column":5}},"19":{"start":{"line":39,"column":4},"end":{"line":39,"column":65}},"20":{"start":{"line":44,"column":2},"end":{"line":46,"column":3}},"21":{"start":{"line":45,"column":4},"end":{"line":45,"column":48}},"22":{"start":{"line":48,"column":23},"end":{"line":48,"column":76}},"23":{"start":{"line":49,"column":2},"end":{"line":51,"column":3}},"24":{"start":{"line":50,"column":4},"end":{"line":50,"column":48}},"25":{"start":{"line":53,"column":2},"end":{"line":55,"column":3}},"26":{"start":{"line":54,"column":4},"end":{"line":54,"column":70}},"27":{"start":{"line":57,"column":2},"end":{"line":57,"column":75}},"28":{"start":{"line":61,"column":2},"end":{"line":63,"column":3}},"29":{"start":{"line":62,"column":4},"end":{"line":62,"column":48}},"30":{"start":{"line":65,"column":28},"end":{"line":65,"column":34}},"31":{"start":{"line":67,"column":4},"end":{"line":67,"column":85}},"32":{"start":{"line":68,"column":2},"end":{"line":68,"column":70}}},"fnMap":{"0":{"name":"createNotification","decl":{"start":{"line":10,"column":22},"end":{"line":10,"column":40}},"loc":{"start":{"line":11,"column":69},"end":{"line":26,"column":1}}},"1":{"name":"createNotifications","decl":{"start":{"line":28,"column":22},"end":{"line":28,"column":41}},"loc":{"start":{"line":29,"column":80},"end":{"line":41,"column":1}}},"2":{"name":"(anonymous_12)","decl":{"start":{"line":32,"column":22},"end":{"line":32,"column":23}},"loc":{"start":{"line":32,"column":41},"end":{"line":35,"column":6}}},"3":{"name":"(anonymous_13)","decl":{"start":{"line":38,"column":24},"end":{"line":38,"column":25}},"loc":{"start":{"line":38,"column":41},"end":{"line":40,"column":3}}},"4":{"name":"readNotificationById","decl":{"start":{"line":43,"column":22},"end":{"line":43,"column":42}},"loc":{"start":{"line":43,"column":70},"end":{"line":58,"column":1}}},"5":{"name":"getMyNotifications","decl":{"start":{"line":60,"column":22},"end":{"line":60,"column":40}},"loc":{"start":{"line":60,"column":87},"end":{"line":69,"column":1}}}},"branchMap":{"0":{"loc":{"start":{"line":14,"column":2},"end":{"line":16,"column":3}},"type":"if","locations":[{"start":{"line":14,"column":2},"end":{"line":16,"column":3}},{"start":{},"end":{}}]},"1":{"loc":{"start":{"line":44,"column":2},"end":{"line":46,"column":3}},"type":"if","locations":[{"start":{"line":44,"column":2},"end":{"line":46,"column":3}},{"start":{},"end":{}}]},"2":{"loc":{"start":{"line":49,"column":2},"end":{"line":51,"column":3}},"type":"if","locations":[{"start":{"line":49,"column":2},"end":{"line":51,"column":3}},{"start":{},"end":{}}]},"3":{"loc":{"start":{"line":53,"column":2},"end":{"line":55,"column":3}},"type":"if","locations":[{"start":{"line":53,"column":2},"end":{"line":55,"column":3}},{"start":{},"end":{}}]},"4":{"loc":{"start":{"line":61,"column":2},"end":{"line":63,"column":3}},"type":"if","locations":[{"start":{"line":61,"column":2},"end":{"line":63,"column":3}},{"start":{},"end":{}}]}},"s":{"0":4,"1":4,"2":4,"3":4,"4":4,"5":4,"6":4,"7":4,"8":4,"9":4,"10":0,"11":0,"12":0,"13":0,"14":0,"15":0,"16":1,"17":0,"18":1,"19":0,"20":0,"21":0,"22":0,"23":0,"24":0,"25":0,"26":0,"27":0,"28":0,"29":0,"30":0,"31":0,"32":0},"f":{"0":0,"1":1,"2":0,"3":0,"4":0,"5":0},"b":{"0":[0,0],"1":[0,0],"2":[0,0],"3":[0,0],"4":[0,0]}}
,"/Users/bo/7-sprint-mission/sprint9-submit/src/services/productsService.ts": {"path":"/Users/bo/7-sprint-mission/sprint9-submit/src/services/productsService.ts","statementMap":{"0":{"start":{"line":16,"column":0},"end":{"line":16,"column":7}},"1":{"start":{"line":25,"column":0},"end":{"line":25,"column":7}},"2":{"start":{"line":33,"column":0},"end":{"line":33,"column":7}},"3":{"start":{"line":41,"column":0},"end":{"line":41,"column":7}},"4":{"start":{"line":71,"column":0},"end":{"line":71,"column":7}},"5":{"start":{"line":1,"column":0},"end":{"line":1,"column":58}},"6":{"start":{"line":2,"column":0},"end":{"line":2,"column":56}},"7":{"start":{"line":3,"column":0},"end":{"line":3,"column":73}},"8":{"start":{"line":4,"column":0},"end":{"line":4,"column":75}},"9":{"start":{"line":5,"column":0},"end":{"line":5,"column":63}},"10":{"start":{"line":8,"column":0},"end":{"line":8,"column":57}},"11":{"start":{"line":17,"column":25},"end":{"line":17,"column":69}},"12":{"start":{"line":18,"column":2},"end":{"line":22,"column":4}},"13":{"start":{"line":26,"column":18},"end":{"line":26,"column":70}},"14":{"start":{"line":27,"column":2},"end":{"line":29,"column":3}},"15":{"start":{"line":28,"column":4},"end":{"line":28,"column":43}},"16":{"start":{"line":30,"column":2},"end":{"line":30,"column":17}},"17":{"start":{"line":37,"column":19},"end":{"line":37,"column":91}},"18":{"start":{"line":38,"column":2},"end":{"line":38,"column":18}},"19":{"start":{"line":42,"column":26},"end":{"line":42,"column":65}},"20":{"start":{"line":43,"column":2},"end":{"line":45,"column":3}},"21":{"start":{"line":44,"column":4},"end":{"line":44,"column":43}},"22":{"start":{"line":46,"column":2},"end":{"line":48,"column":3}},"23":{"start":{"line":47,"column":4},"end":{"line":47,"column":67}},"24":{"start":{"line":49,"column":25},"end":{"line":49,"column":86}},"25":{"start":{"line":52,"column":24},"end":{"line":52,"column":45}},"26":{"start":{"line":53,"column":23},"end":{"line":53,"column":43}},"27":{"start":{"line":54,"column":2},"end":{"line":66,"column":3}},"28":{"start":{"line":55,"column":22},"end":{"line":55,"column":75}},"29":{"start":{"line":56,"column":25},"end":{"line":56,"column":69}},"30":{"start":{"line":56,"column":53},"end":{"line":56,"column":68}},"31":{"start":{"line":57,"column":26},"end":{"line":64,"column":7}},"32":{"start":{"line":57,"column":56},"end":{"line":64,"column":6}},"33":{"start":{"line":65,"column":4},"end":{"line":65,"column":66}},"34":{"start":{"line":68,"column":2},"end":{"line":68,"column":24}},"35":{"start":{"line":72,"column":26},"end":{"line":72,"column":65}},"36":{"start":{"line":73,"column":2},"end":{"line":75,"column":3}},"37":{"start":{"line":74,"column":4},"end":{"line":74,"column":43}},"38":{"start":{"line":76,"column":2},"end":{"line":78,"column":3}},"39":{"start":{"line":77,"column":4},"end":{"line":77,"column":67}},"40":{"start":{"line":79,"column":2},"end":{"line":79,"column":45}}},"fnMap":{"0":{"name":"createProduct","decl":{"start":{"line":16,"column":22},"end":{"line":16,"column":35}},"loc":{"start":{"line":16,"column":59},"end":{"line":23,"column":1}}},"1":{"name":"getProduct","decl":{"start":{"line":25,"column":22},"end":{"line":25,"column":32}},"loc":{"start":{"line":25,"column":43},"end":{"line":31,"column":1}}},"2":{"name":"getProductList","decl":{"start":{"line":33,"column":22},"end":{"line":33,"column":36}},"loc":{"start":{"line":35,"column":38},"end":{"line":39,"column":1}}},"3":{"name":"updateProduct","decl":{"start":{"line":41,"column":22},"end":{"line":41,"column":35}},"loc":{"start":{"line":41,"column":71},"end":{"line":69,"column":1}}},"4":{"name":"(anonymous_14)","decl":{"start":{"line":56,"column":39},"end":{"line":56,"column":40}},"loc":{"start":{"line":56,"column":53},"end":{"line":56,"column":68}}},"5":{"name":"(anonymous_15)","decl":{"start":{"line":57,"column":43},"end":{"line":57,"column":44}},"loc":{"start":{"line":57,"column":56},"end":{"line":64,"column":6}}},"6":{"name":"deleteProduct","decl":{"start":{"line":71,"column":22},"end":{"line":71,"column":35}},"loc":{"start":{"line":71,"column":62},"end":{"line":80,"column":1}}}},"branchMap":{"0":{"loc":{"start":{"line":27,"column":2},"end":{"line":29,"column":3}},"type":"if","locations":[{"start":{"line":27,"column":2},"end":{"line":29,"column":3}},{"start":{},"end":{}}]},"1":{"loc":{"start":{"line":35,"column":2},"end":{"line":35,"column":38}},"type":"default-arg","locations":[{"start":{"line":35,"column":36},"end":{"line":35,"column":38}}]},"2":{"loc":{"start":{"line":43,"column":2},"end":{"line":45,"column":3}},"type":"if","locations":[{"start":{"line":43,"column":2},"end":{"line":45,"column":3}},{"start":{},"end":{}}]},"3":{"loc":{"start":{"line":46,"column":2},"end":{"line":48,"column":3}},"type":"if","locations":[{"start":{"line":46,"column":2},"end":{"line":48,"column":3}},{"start":{},"end":{}}]},"4":{"loc":{"start":{"line":54,"column":2},"end":{"line":66,"column":3}},"type":"if","locations":[{"start":{"line":54,"column":2},"end":{"line":66,"column":3}},{"start":{},"end":{}}]},"5":{"loc":{"start":{"line":73,"column":2},"end":{"line":75,"column":3}},"type":"if","locations":[{"start":{"line":73,"column":2},"end":{"line":75,"column":3}},{"start":{},"end":{}}]},"6":{"loc":{"start":{"line":76,"column":2},"end":{"line":78,"column":3}},"type":"if","locations":[{"start":{"line":76,"column":2},"end":{"line":78,"column":3}},{"start":{},"end":{}}]}},"s":{"0":4,"1":4,"2":4,"3":4,"4":4,"5":4,"6":4,"7":4,"8":4,"9":4,"10":4,"11":1,"12":1,"13":3,"14":3,"15":2,"16":1,"17":1,"18":1,"19":4,"20":4,"21":1,"22":3,"23":1,"24":2,"25":2,"26":2,"27":2,"28":2,"29":2,"30":2,"31":2,"32":2,"33":2,"34":2,"35":1,"36":1,"37":0,"38":1,"39":0,"40":1},"f":{"0":1,"1":3,"2":1,"3":4,"4":2,"5":2,"6":1},"b":{"0":[2,1],"1":[0],"2":[1,3],"3":[1,2],"4":[2,0],"5":[0,1],"6":[0,1]}}
,"/Users/bo/7-sprint-mission/sprint9-submit/src/services/socketService.ts": {"path":"/Users/bo/7-sprint-mission/sprint9-submit/src/services/socketService.ts","statementMap":{"0":{"start":{"line":1,"column":0},"end":{"line":1,"column":58}},"1":{"start":{"line":3,"column":0},"end":{"line":3,"column":45}},"2":{"start":{"line":11,"column":4},"end":{"line":11,"column":27}},"3":{"start":{"line":12,"column":4},"end":{"line":12,"column":35}},"4":{"start":{"line":17,"column":4},"end":{"line":24,"column":5}},"5":{"start":{"line":18,"column":26},"end":{"line":18,"column":59}},"6":{"start":{"line":19,"column":6},"end":{"line":19,"column":57}},"7":{"start":{"line":21,"column":6},"end":{"line":21,"column":34}},"8":{"start":{"line":22,"column":6},"end":{"line":22,"column":35}},"9":{"start":{"line":23,"column":6},"end":{"line":23,"column":13}},"10":{"start":{"line":25,"column":4},"end":{"line":25,"column":36}},"11":{"start":{"line":26,"column":4},"end":{"line":26,"column":11}},"12":{"start":{"line":30,"column":4},"end":{"line":30,"column":31}},"13":{"start":{"line":34,"column":19},"end":{"line":34,"column":38}},"14":{"start":{"line":35,"column":4},"end":{"line":35,"column":69}},"15":{"start":{"line":39,"column":0},"end":{"line":39,"column":35}}},"fnMap":{"0":{"name":"(anonymous_9)","decl":{"start":{"line":10,"column":2},"end":{"line":10,"column":null}},"loc":{"start":{"line":10,"column":2},"end":{"line":13,"column":3}}},"1":{"name":"(anonymous_10)","decl":{"start":{"line":15,"column":10},"end":{"line":15,"column":15}},"loc":{"start":{"line":15,"column":80},"end":{"line":27,"column":3}}},"2":{"name":"(anonymous_11)","decl":{"start":{"line":29,"column":2},"end":{"line":29,"column":12}},"loc":{"start":{"line":29,"column":36},"end":{"line":31,"column":3}}},"3":{"name":"(anonymous_12)","decl":{"start":{"line":33,"column":2},"end":{"line":33,"column":18}},"loc":{"start":{"line":33,"column":45},"end":{"line":36,"column":3}}}},"branchMap":{},"s":{"0":4,"1":4,"2":4,"3":4,"4":0,"5":0,"6":0,"7":0,"8":0,"9":0,"10":0,"11":0,"12":0,"13":0,"14":0,"15":4},"f":{"0":4,"1":0,"2":0,"3":0},"b":{}}
,"/Users/bo/7-sprint-mission/sprint9-submit/src/services/usersService.ts": {"path":"/Users/bo/7-sprint-mission/sprint9-submit/src/services/usersService.ts","statementMap":{"0":{"start":{"line":10,"column":0},"end":{"line":10,"column":7}},"1":{"start":{"line":19,"column":0},"end":{"line":19,"column":7}},"2":{"start":{"line":24,"column":0},"end":{"line":24,"column":7}},"3":{"start":{"line":32,"column":0},"end":{"line":32,"column":7}},"4":{"start":{"line":3,"column":0},"end":{"line":3,"column":67}},"5":{"start":{"line":4,"column":0},"end":{"line":4,"column":73}},"6":{"start":{"line":5,"column":0},"end":{"line":5,"column":56}},"7":{"start":{"line":11,"column":15},"end":{"line":11,"column":52}},"8":{"start":{"line":12,"column":2},"end":{"line":14,"column":3}},"9":{"start":{"line":13,"column":4},"end":{"line":13,"column":44}},"10":{"start":{"line":16,"column":2},"end":{"line":16,"column":14}},"11":{"start":{"line":20,"column":22},"end":{"line":20,"column":68}},"12":{"start":{"line":21,"column":2},"end":{"line":21,"column":21}},"13":{"start":{"line":28,"column":17},"end":{"line":28,"column":89}},"14":{"start":{"line":29,"column":2},"end":{"line":29,"column":16}},"15":{"start":{"line":36,"column":17},"end":{"line":36,"column":89}},"16":{"start":{"line":37,"column":2},"end":{"line":37,"column":16}}},"fnMap":{"0":{"name":"getUser","decl":{"start":{"line":10,"column":22},"end":{"line":10,"column":29}},"loc":{"start":{"line":10,"column":44},"end":{"line":17,"column":1}}},"1":{"name":"updateUser","decl":{"start":{"line":19,"column":22},"end":{"line":19,"column":32}},"loc":{"start":{"line":19,"column":78},"end":{"line":22,"column":1}}},"2":{"name":"getMyProductList","decl":{"start":{"line":24,"column":22},"end":{"line":24,"column":38}},"loc":{"start":{"line":26,"column":30},"end":{"line":30,"column":1}}},"3":{"name":"getMyFavoriteList","decl":{"start":{"line":32,"column":22},"end":{"line":32,"column":39}},"loc":{"start":{"line":34,"column":30},"end":{"line":38,"column":1}}}},"branchMap":{"0":{"loc":{"start":{"line":12,"column":2},"end":{"line":14,"column":3}},"type":"if","locations":[{"start":{"line":12,"column":2},"end":{"line":14,"column":3}},{"start":{},"end":{}}]}},"s":{"0":3,"1":3,"2":3,"3":3,"4":3,"5":3,"6":3,"7":0,"8":0,"9":0,"10":0,"11":0,"12":0,"13":0,"14":0,"15":0,"16":0},"f":{"0":0,"1":0,"2":0,"3":0},"b":{"0":[0,0]}}
,"/Users/bo/7-sprint-mission/sprint9-submit/src/structs/articlesStructs.ts": {"path":"/Users/bo/7-sprint-mission/sprint9-submit/src/structs/articlesStructs.ts","statementMap":{"0":{"start":{"line":1,"column":0},"end":{"line":1,"column":82}},"1":{"start":{"line":2,"column":0},"end":{"line":2,"column":51}},"2":{"start":{"line":4,"column":13},"end":{"line":4,"column":59}},"3":{"start":{"line":6,"column":13},"end":{"line":10,"column":3}},"4":{"start":{"line":7,"column":57},"end":{"line":7,"column":69}},"5":{"start":{"line":12,"column":13},"end":{"line":12,"column":72}}},"fnMap":{"0":{"name":"(anonymous_0)","decl":{"start":{"line":7,"column":46},"end":{"line":7,"column":47}},"loc":{"start":{"line":7,"column":57},"end":{"line":7,"column":69}}}},"branchMap":{},"s":{"0":3,"1":3,"2":3,"3":3,"4":1,"5":3},"f":{"0":1},"b":{}}
,"/Users/bo/7-sprint-mission/sprint9-submit/src/structs/authStructs.ts": {"path":"/Users/bo/7-sprint-mission/sprint9-submit/src/structs/authStructs.ts","statementMap":{"0":{"start":{"line":1,"column":0},"end":{"line":1,"column":65}},"1":{"start":{"line":3,"column":13},"end":{"line":8,"column":3}},"2":{"start":{"line":10,"column":13},"end":{"line":13,"column":3}}},"fnMap":{},"branchMap":{},"s":{"0":3,"1":3,"2":3},"f":{},"b":{}}
,"/Users/bo/7-sprint-mission/sprint9-submit/src/structs/commentsStruct.ts": {"path":"/Users/bo/7-sprint-mission/sprint9-submit/src/structs/commentsStruct.ts","statementMap":{"0":{"start":{"line":1,"column":0},"end":{"line":1,"column":73}},"1":{"start":{"line":2,"column":0},"end":{"line":2,"column":53}},"2":{"start":{"line":4,"column":13},"end":{"line":8,"column":3}},"3":{"start":{"line":10,"column":13},"end":{"line":10,"column":61}},"4":{"start":{"line":12,"column":13},"end":{"line":12,"column":63}}},"fnMap":{},"branchMap":{},"s":{"0":3,"1":3,"2":3,"3":3,"4":3},"f":{},"b":{}}
,"/Users/bo/7-sprint-mission/sprint9-submit/src/structs/commonStructs.ts": {"path":"/Users/bo/7-sprint-mission/sprint9-submit/src/structs/commonStructs.ts","statementMap":{"0":{"start":{"line":1,"column":0},"end":{"line":1,"column":100}},"1":{"start":{"line":4,"column":22},"end":{"line":4,"column":77}},"2":{"start":{"line":4,"column":61},"end":{"line":4,"column":76}},"3":{"start":{"line":6,"column":13},"end":{"line":8,"column":3}},"4":{"start":{"line":10,"column":13},"end":{"line":15,"column":3}},"5":{"start":{"line":17,"column":13},"end":{"line":22,"column":3}}},"fnMap":{"0":{"name":"(anonymous_0)","decl":{"start":{"line":4,"column":50},"end":{"line":4,"column":51}},"loc":{"start":{"line":4,"column":61},"end":{"line":4,"column":76}}}},"branchMap":{},"s":{"0":3,"1":3,"2":9,"3":3,"4":3,"5":3},"f":{"0":9},"b":{}}
,"/Users/bo/7-sprint-mission/sprint9-submit/src/structs/productsStruct.ts": {"path":"/Users/bo/7-sprint-mission/sprint9-submit/src/structs/productsStruct.ts","statementMap":{"0":{"start":{"line":1,"column":0},"end":{"line":1,"column":93}},"1":{"start":{"line":2,"column":0},"end":{"line":2,"column":51}},"2":{"start":{"line":4,"column":13},"end":{"line":10,"column":3}},"3":{"start":{"line":5,"column":56},"end":{"line":5,"column":68}},"4":{"start":{"line":12,"column":13},"end":{"line":12,"column":59}},"5":{"start":{"line":14,"column":13},"end":{"line":14,"column":72}}},"fnMap":{"0":{"name":"(anonymous_0)","decl":{"start":{"line":5,"column":45},"end":{"line":5,"column":46}},"loc":{"start":{"line":5,"column":56},"end":{"line":5,"column":68}}}},"branchMap":{},"s":{"0":3,"1":3,"2":3,"3":1,"4":3,"5":3},"f":{"0":1},"b":{}}
,"/Users/bo/7-sprint-mission/sprint9-submit/src/structs/usersStructs.ts": {"path":"/Users/bo/7-sprint-mission/sprint9-submit/src/structs/usersStructs.ts","statementMap":{"0":{"start":{"line":1,"column":0},"end":{"line":1,"column":64}},"1":{"start":{"line":2,"column":0},"end":{"line":2,"column":71}},"2":{"start":{"line":4,"column":13},"end":{"line":10,"column":2}},"3":{"start":{"line":12,"column":13},"end":{"line":15,"column":3}},"4":{"start":{"line":17,"column":13},"end":{"line":17,"column":61}},"5":{"start":{"line":19,"column":13},"end":{"line":19,"column":62}},"6":{"start":{"line":21,"column":13},"end":{"line":21,"column":65}}},"fnMap":{},"branchMap":{},"s":{"0":3,"1":3,"2":3,"3":3,"4":3,"5":3,"6":3},"f":{},"b":{}}
,"/Users/bo/7-sprint-mission/sprint9-submit/src/types/Notification.ts": {"path":"/Users/bo/7-sprint-mission/sprint9-submit/src/types/Notification.ts","statementMap":{"0":{"start":{"line":1,"column":0},"end":{"line":1,"column":null}},"1":{"start":{"line":2,"column":2},"end":{"line":2,"column":null}},"2":{"start":{"line":3,"column":2},"end":{"line":3,"column":null}}},"fnMap":{"0":{"name":"(anonymous_0)","decl":{"start":{"line":1,"column":0},"end":{"line":1,"column":12}},"loc":{"start":{"line":1,"column":28},"end":{"line":4,"column":1}}}},"branchMap":{"0":{"loc":{"start":{"line":1,"column":12},"end":{"line":1,"column":null}},"type":"binary-expr","locations":[{"start":{"line":1,"column":12},"end":{"line":1,"column":28}},{"start":{"line":1,"column":28},"end":{"line":1,"column":null}}]}},"s":{"0":4,"1":4,"2":4},"f":{"0":4},"b":{"0":[4,4]}}
}
